ilures:
[ERROR]   BehaviorPatternDataServiceTest.addBehaviorPattern_success:508 Unexpected exception thrown: com.optum.fads.pgp.behavior.api.exception.BehaviorPatternApiException: Exception: Cannot parse null string
[ERROR]   BehaviorPatternDataServiceTest.deleteBehaviorPattern_notFound_throwsException:515 Expected com.optum.fads.pgp.behavior.api.exception.BehaviorPatternApiException to be thrown, but nothing was thrown.
[ERROR]   BehaviorPatternDataServiceTest.updateBehaviorPattern_notFound_throwsException:467 Unexpected exception type thrown, expected: <com.optum.fads.pgp.behavior.api.exception.BehaviorPatternApiException> but was: <java.lang.NullPointerException>
[ERROR]   BehaviorPatternDataServiceTest.updateBehaviorPattern_success:484 Unexpected exception thrown: com.optum.fads.pgp.behavior.api.exception.BehaviorPatternApiException: Exception: Cannot parse null string
[ERROR] Errors:
[ERROR]   BehaviorPatternDataServiceTest.deleteBehaviorPattern_success » UnnecessaryStubbing
Unnecessary stubbings detected.
Clean & maintainable test code requires zero unnecessary code.
Following stubbings are unnecessary (click to navigate to relevant line of code):
  1. -> at com.optum.fads.pgp.behavior.api.service.impl.BehaviorPatternDataServiceTest.deleteBehaviorPattern_success(BehaviorPatternDataService.java:520)
Please remove unnecessary stubbings or use 'lenient' strictness. More info: javadoc for UnnecessaryStubbingException class.
[ERROR]   BehaviorPatternDataServiceTest.getBehaviorPatternById_notFound_throwsException » UnnecessaryStubbing
Unnecessary stubbings detected.
Clean & maintainable test code requires zero unnecessary code.
Following stubbings are unnecessary (click to navigate to relevant line of code):
  1. -> at com.optum.fads.pgp.behavior.api.service.impl.BehaviorPatternDataServiceTest.getBehaviorPatternById_notFound_throwsException(BehaviorPatternDataService.java:527)
Please remove unnecessary stubbings or use 'lenient' strictness. More info: javadoc for UnnecessaryStubbingException class.
[INFO]
[ERROR] Tests run: 51, Failures: 4, Errors: 2, Skipped: 0
[INFO]
[INFO] ------------------------------------------------------------------------
[INFO] BUILD FAILURE
