1-09T16:46:51.344+05:30 ERROR  --- [           main] c.o.f.p.r.a.c.ReportSectionController    : Exception occured
2026-01-09T16:46:51.371+05:30 ERROR  --- [           main] c.o.f.p.r.a.c.ReportSectionController    : Exception occured
2026-01-09T16:46:51.396+05:30 ERROR  --- [           main] c.o.f.p.r.a.c.ReportSectionController    : Exception occured
2026-01-09T16:46:51.405+05:30 ERROR  --- [           main] c.o.f.p.r.a.c.ReportSectionController    : Exception occured
2026-01-09T16:46:51.440+05:30 ERROR  --- [           main] c.o.f.p.r.a.c.ReportSectionController    : Exception occured
2026-01-09T16:46:51.446+05:30 ERROR  --- [           main] c.o.f.p.r.a.c.ReportSectionController    : Exception occured
2026-01-09T16:46:51.469+05:30 ERROR  --- [           main] c.o.f.p.r.a.c.ReportSectionController    : Exception occured
[INFO] Tests run: 23, Failures: 0, Errors: 0, Skipped: 0, Time elapsed: 0.310 s -- in com.optum.fads.pgp.reportsection.api.controller.ReportSectionControllerTests
[INFO]
[INFO] Results:
[INFO]
[ERROR] Failures:
[ERROR]   CommonConfigTest.started_setsDefaultTimezoneToUtcMinus4:60 expected: <-14400000> but was: <0>
[ERROR] Errors:
[ERROR]   ServiceConfigTest.customDataSource_createdFromSpringDatasourceProperties:23->lambda$customDataSource_createdFromSpringDatasourceProperties$0:24 Â» IllegalState Unstarted application context org.springframework.boot.test.context.assertj.AssertableApplicationContext[startupFailure=org.springframework.beans.factory.BeanCreationException] failed to start
[INFO]
[ERROR] Tests run: 53, Failures: 1, Errors: 1, Skipped: 0
[INFO]
[INFO] ------------------------------------------------------------------------
[INFO] BUILD FAILURE
[INFO] ------------------------------------------------------------------------
[INFO] Total time:  49.707 s
[INFO] Finished at: 2026-01-09T16:46:51+05:30
[INFO] ------------------------------------------------------------------------
[ERROR] Failed to execute goal org.apache.maven.plugins:maven-surefire-plugin:3.5.4:test (default-test) on project fads-pgp-reportsection-api: There are test failures.
[ERROR]
[ERROR] See C:\Users\sgupt664\BE_Projects\fads-pgp-reportsection-api\target\surefire-reports for the individual test results.
[ERROR] See dump files (if any exist) [date].dump, [date]-jvmRun[N].dump and [date].dumpstream.
[ERROR] -> [Help 1]
[ERROR]
[ERROR] To see the full stack trace of the errors, re-run Maven with the -e switch.
[ERROR] Re-run Maven using the -X switch to enable full debug logging.
[ERROR]
[ERROR] For more information about the errors and possible solutions, please read the following articles:
[ERROR] [Help 1] http://cwiki.apache.org/confluence/display/MAVEN/MojoFailureException

C:\Users\sgupt664\BE_Projects\fads-pgp-reportsection-api>
