-reportsection-api)...
[INFO] Properties file [C:\Users\sgupt664\BE_Projects\fads-pgp-reportsection-api\target\classes\git.properties] is up-to-date (for module fads-pgp-reportsection-api)...
[INFO]
[INFO] --- jacoco:0.8.10:prepare-agent (jacoco-prepare-agent) @ fads-pgp-reportsection-api ---
[INFO] argLine set to -javaagent:C:\\Users\\sgupt664\\.m2\\repo1\\m3-3.9.9\\org\\jacoco\\org.jacoco.agent\\0.8.10\\org.jacoco.agent-0.8.10-runtime.jar=destfile=C:\\Users\\sgupt664\\BE_Projects\\fads-pgp-reportsection-api\\target\\jacoco.exec
[INFO]
[INFO] --- resources:3.3.1:resources (default-resources) @ fads-pgp-reportsection-api ---
[INFO] Copying 1 resource from src\main\resources to target\classes
[INFO] Copying 4 resources from src\main\resources to target\classes
[INFO]
[INFO] --- compiler:3.14.1:compile (default-compile) @ fads-pgp-reportsection-api ---
[INFO] Recompiling the module because of changed source code.
[INFO] Compiling 87 source files with javac [debug parameters release 17] to target\classes
[INFO]
[INFO] --- resources:3.3.1:testResources (default-testResources) @ fads-pgp-reportsection-api ---
[INFO] Copying 4 resources from src\test\resources to target\test-classes
[INFO]
[INFO] --- compiler:3.14.1:testCompile (default-testCompile) @ fads-pgp-reportsection-api ---
[INFO] Recompiling the module because of changed dependency.
[INFO] Compiling 5 source files with javac [debug parameters release 17] to target\test-classes
[INFO]
[INFO] --- surefire:3.5.4:test (default-test) @ fads-pgp-reportsection-api ---
[INFO] Using auto detected provider org.apache.maven.surefire.junitplatform.JUnitPlatformProvider
[INFO]
[INFO] -------------------------------------------------------
[INFO]  T E S T S
[INFO] -------------------------------------------------------
[INFO] Running com.optum.fads.pgp.reportsection.api.controller.ReportItemControllerTests
OpenJDK 64-Bit Server VM warning: Sharing is only supported for boot loader classes because bootstrap classpath has been appended
2026-01-09T16:16:55.068+05:30 ERROR  --- [           main] c.o.f.p.r.a.c.ReportItemController       : Exception occured
2026-01-09T16:16:55.097+05:30 ERROR  --- [           main] c.o.f.p.r.a.c.ReportItemController       : Exception occured
2026-01-09T16:16:55.126+05:30 ERROR  --- [           main] c.o.f.p.r.a.c.ReportItemController       : Exception occured
2026-01-09T16:16:55.222+05:30 ERROR  --- [           main] c.o.f.p.r.a.c.ReportItemController       : Exception occured
2026-01-09T16:16:55.236+05:30 ERROR  --- [           main] c.o.f.p.r.a.c.ReportItemController       : Exception occured
2026-01-09T16:16:55.293+05:30 ERROR  --- [           main] c.o.f.p.r.a.c.ReportItemController       : Exception occured
2026-01-09T16:16:55.363+05:30 ERROR  --- [           main] c.o.f.p.r.a.c.ReportItemController       : Exception occured
2026-01-09T16:16:55.396+05:30 ERROR  --- [           main] c.o.f.p.r.a.c.ReportItemController       : Exception occured
[ERROR] Tests run: 21, Failures: 0, Errors: 21, Skipped: 0, Time elapsed: 6.338 s <<< FAILURE! -- in com.optum.fads.pgp.reportsection.api.controller.ReportItemControllerTests
[ERROR] com.optum.fads.pgp.reportsection.api.controller.ReportItemControllerTests.getReportItemById_ok -- Time elapsed: 5.546 s <<< ERROR!
org.mockito.exceptions.misusing.UnnecessaryStubbingException:

Unnecessary stubbings detected.
Clean & maintainable test code requires zero unnecessary code.
Following stubbings are unnecessary (click to navigate to relevant line of code):
  1. -> at com.optum.fads.pgp.reportsection.api.controller.ReportItemControllerTests.buildUser(ReportItemControllerTests.java:72)
  2. -> at com.optum.fads.pgp.reportsection.api.controller.ReportItemControllerTests.buildUser(ReportItemControllerTests.java:75)
  3. -> at com.optum.fads.pgp.reportsection.api.controller.ReportItemControllerTests.buildUser(ReportItemControllerTests.java:76)
  4. -> at com.optum.fads.pgp.reportsection.api.controller.ReportItemControllerTests.buildUser(ReportItemControllerTests.java:79)
  5. -> at com.optum.fads.pgp.reportsection.api.controller.ReportItemControllerTests.buildUser(ReportItemControllerTests.java:81)
  6. -> at com.optum.fads.pgp.reportsection.api.controller.ReportItemControllerTests.buildUser(ReportItemControllerTests.java:72)
  7. -> at com.optum.fads.pgp.reportsection.api.controller.ReportItemControllerTests.buildUser(ReportItemControllerTests.java:75)
  8. -> at com.optum.fads.pgp.reportsection.api.controller.ReportItemControllerTests.buildUser(ReportItemControllerTests.java:76)
  9. -> at com.optum.fads.pgp.reportsection.api.controller.ReportItemControllerTests.buildUser(ReportItemControllerTests.java:79)
  10. -> at com.optum.fads.pgp.reportsection.api.controller.ReportItemControllerTests.buildUser(ReportItemControllerTests.java:81)
  11. -> at com.optum.fads.pgp.reportsection.api.controller.ReportItemControllerTests.buildUser(ReportItemControllerTests.java:72)
  12. -> at com.optum.fads.pgp.reportsection.api.controller.ReportItemControllerTests.buildUser(ReportItemControllerTests.java:75)
  13. -> at com.optum.fads.pgp.reportsection.api.controller.ReportItemControllerTests.buildUser(ReportItemControllerTests.java:76)
  14. -> at com.optum.fads.pgp.reportsection.api.controller.ReportItemControllerTests.buildUser(ReportItemControllerTests.java:79)
  15. -> at com.optum.fads.pgp.reportsection.api.controller.ReportItemControllerTests.buildUser(ReportItemControllerTests.java:81)
Please remove unnecessary stubbings or use 'lenient' strictness. More info: javadoc for UnnecessaryStubbingException class.
        at org.mockito.junit.jupiter.MockitoExtension.lambda$afterEach$2(MockitoExtension.java:200)
        at java.base/java.util.Optional.ifPresent(Optional.java:178)
        at org.mockito.junit.jupiter.MockitoExtension.afterEach(MockitoExtension.java:198)
        at java.base/java.util.ArrayList.forEach(ArrayList.java:1511)
        at java.base/java.util.ArrayList.forEach(ArrayList.java:1511)

[ERROR] com.optum.fads.pgp.reportsection.api.controller.ReportItemControllerTests.newReportItem_noAccess_forbidden -- Time elapsed: 0.063 s <<< ERROR!
org.mockito.exceptions.misusing.UnnecessaryStubbingException:

Unnecessary stubbings detected.
Clean & maintainable test code requires zero unnecessary code.
Following stubbings are unnecessary (click to navigate to relevant line of code):
  1. -> at com.optum.fads.pgp.reportsection.api.controller.ReportItemControllerTests.buildUser(ReportItemControllerTests.java:72)
  2. -> at com.optum.fads.pgp.reportsection.api.controller.ReportItemControllerTests.buildUser(ReportItemControllerTests.java:75)
  3. -> at com.optum.fads.pgp.reportsection.api.controller.ReportItemControllerTests.buildUser(ReportItemControllerTests.java:76)
  4. -> at com.optum.fads.pgp.reportsection.api.controller.ReportItemControllerTests.buildUser(ReportItemControllerTests.java:79)
  5. -> at com.optum.fads.pgp.reportsection.api.controller.ReportItemControllerTests.buildUser(ReportItemControllerTests.java:81)
  6. -> at com.optum.fads.pgp.reportsection.api.controller.ReportItemControllerTests.buildUser(ReportItemControllerTests.java:72)
  7. -> at com.optum.fads.pgp.reportsection.api.controller.ReportItemControllerTests.buildUser(ReportItemControllerTests.java:75)
  8. -> at com.optum.fads.pgp.reportsection.api.controller.ReportItemControllerTests.buildUser(ReportItemControllerTests.java:76)
  9. -> at com.optum.fads.pgp.reportsection.api.controller.ReportItemControllerTests.buildUser(ReportItemControllerTests.java:79)
  10. -> at com.optum.fads.pgp.reportsection.api.controller.ReportItemControllerTests.buildUser(ReportItemControllerTests.java:81)
Please remove unnecessary stubbings or use 'lenient' strictness. More info: javadoc for UnnecessaryStubbingException class.
        at org.mockito.junit.jupiter.MockitoExtension.lambda$afterEach$2(MockitoExtension.java:200)
        at java.base/java.util.Optional.ifPresent(Optional.java:178)
        at org.mockito.junit.jupiter.MockitoExtension.afterEach(MockitoExtension.java:198)
        at java.base/java.util.ArrayList.forEach(ArrayList.java:1511)
        at java.base/java.util.ArrayList.forEach(ArrayList.java:1511)

[ERROR] com.optum.fads.pgp.reportsection.api.controller.ReportItemControllerTests.deleteReportItemById_ok -- Time elapsed: 0.019 s <<< ERROR!
org.mockito.exceptions.misusing.UnnecessaryStubbingException:

Unnecessary stubbings detected.
Clean & maintainable test code requires zero unnecessary code.
Following stubbings are unnecessary (click to navigate to relevant line of code):
  1. -> at com.optum.fads.pgp.reportsection.api.controller.ReportItemControllerTests.buildUser(ReportItemControllerTests.java:72)
  2. -> at com.optum.fads.pgp.reportsection.api.controller.ReportItemControllerTests.buildUser(ReportItemControllerTests.java:75)
  3. -> at com.optum.fads.pgp.reportsection.api.controller.ReportItemControllerTests.buildUser(ReportItemControllerTests.java:76)
  4. -> at com.optum.fads.pgp.reportsection.api.controller.ReportItemControllerTests.buildUser(ReportItemControllerTests.java:79)
  5. -> at com.optum.fads.pgp.reportsection.api.controller.ReportItemControllerTests.buildUser(ReportItemControllerTests.java:81)
  6. -> at com.optum.fads.pgp.reportsection.api.controller.ReportItemControllerTests.buildUser(ReportItemControllerTests.java:72)
  7. -> at com.optum.fads.pgp.reportsection.api.controller.ReportItemControllerTests.buildUser(ReportItemControllerTests.java:75)
  8. -> at com.optum.fads.pgp.reportsection.api.controller.ReportItemControllerTests.buildUser(ReportItemControllerTests.java:76)
  9. -> at com.optum.fads.pgp.reportsection.api.controller.ReportItemControllerTests.buildUser(ReportItemControllerTests.java:79)
  10. -> at com.optum.fads.pgp.reportsection.api.controller.ReportItemControllerTests.buildUser(ReportItemControllerTests.java:81)
  11. -> at com.optum.fads.pgp.reportsection.api.controller.ReportItemControllerTests.buildUser(ReportItemControllerTests.java:72)
  12. -> at com.optum.fads.pgp.reportsection.api.controller.ReportItemControllerTests.buildUser(ReportItemControllerTests.java:75)
  13. -> at com.optum.fads.pgp.reportsection.api.controller.ReportItemControllerTests.buildUser(ReportItemControllerTests.java:76)
  14. -> at com.optum.fads.pgp.reportsection.api.controller.ReportItemControllerTests.buildUser(ReportItemControllerTests.java:79)
  15. -> at com.optum.fads.pgp.reportsection.api.controller.ReportItemControllerTests.buildUser(ReportItemControllerTests.java:81)
Please remove unnecessary stubbings or use 'lenient' strictness. More info: javadoc for UnnecessaryStubbingException class.
        at org.mockito.junit.jupiter.MockitoExtension.lambda$afterEach$2(MockitoExtension.java:200)
        at java.base/java.util.Optional.ifPresent(Optional.java:178)
        at org.mockito.junit.jupiter.MockitoExtension.afterEach(MockitoExtension.java:198)
        at java.base/java.util.ArrayList.forEach(ArrayList.java:1511)
        at java.base/java.util.ArrayList.forEach(ArrayList.java:1511)

[ERROR] com.optum.fads.pgp.reportsection.api.controller.ReportItemControllerTests.updateReportItem_noAccess_forbidden -- Time elapsed: 0.024 s <<< ERROR!
org.mockito.exceptions.misusing.UnnecessaryStubbingException:

Unnecessary stubbings detected.
Clean & maintainable test code requires zero unnecessary code.
Following stubbings are unnecessary (click to navigate to relevant line of code):
  1. -> at com.optum.fads.pgp.reportsection.api.controller.ReportItemControllerTests.buildUser(ReportItemControllerTests.java:72)
  2. -> at com.optum.fads.pgp.reportsection.api.controller.ReportItemControllerTests.buildUser(ReportItemControllerTests.java:75)
  3. -> at com.optum.fads.pgp.reportsection.api.controller.ReportItemControllerTests.buildUser(ReportItemControllerTests.java:76)
  4. -> at com.optum.fads.pgp.reportsection.api.controller.ReportItemControllerTests.buildUser(ReportItemControllerTests.java:79)
  5. -> at com.optum.fads.pgp.reportsection.api.controller.ReportItemControllerTests.buildUser(ReportItemControllerTests.java:81)
  6. -> at com.optum.fads.pgp.reportsection.api.controller.ReportItemControllerTests.buildUser(ReportItemControllerTests.java:72)
  7. -> at com.optum.fads.pgp.reportsection.api.controller.ReportItemControllerTests.buildUser(ReportItemControllerTests.java:75)
  8. -> at com.optum.fads.pgp.reportsection.api.controller.ReportItemControllerTests.buildUser(ReportItemControllerTests.java:76)
  9. -> at com.optum.fads.pgp.reportsection.api.controller.ReportItemControllerTests.buildUser(ReportItemControllerTests.java:79)
  10. -> at com.optum.fads.pgp.reportsection.api.controller.ReportItemControllerTests.buildUser(ReportItemControllerTests.java:81)
Please remove unnecessary stubbings or use 'lenient' strictness. More info: javadoc for UnnecessaryStubbingException class.
        at org.mockito.junit.jupiter.MockitoExtension.lambda$afterEach$2(MockitoExtension.java:200)
        at java.base/java.util.Optional.ifPresent(Optional.java:178)
        at org.mockito.junit.jupiter.MockitoExtension.afterEach(MockitoExtension.java:198)
        at java.base/java.util.ArrayList.forEach(ArrayList.java:1511)
        at java.base/java.util.ArrayList.forEach(ArrayList.java:1511)

[ERROR] com.optum.fads.pgp.reportsection.api.controller.ReportItemControllerTests.newReportItem_accessA_created -- Time elapsed: 0.063 s <<< ERROR!
org.mockito.exceptions.misusing.UnnecessaryStubbingException:

Unnecessary stubbings detected.
Clean & maintainable test code requires zero unnecessary code.
Following stubbings are unnecessary (click to navigate to relevant line of code):
  1. -> at com.optum.fads.pgp.reportsection.api.controller.ReportItemControllerTests.buildUser(ReportItemControllerTests.java:72)
  2. -> at com.optum.fads.pgp.reportsection.api.controller.ReportItemControllerTests.buildUser(ReportItemControllerTests.java:75)
  3. -> at com.optum.fads.pgp.reportsection.api.controller.ReportItemControllerTests.buildUser(ReportItemControllerTests.java:76)
  4. -> at com.optum.fads.pgp.reportsection.api.controller.ReportItemControllerTests.buildUser(ReportItemControllerTests.java:79)
  5. -> at com.optum.fads.pgp.reportsection.api.controller.ReportItemControllerTests.buildUser(ReportItemControllerTests.java:81)
  6. -> at com.optum.fads.pgp.reportsection.api.controller.ReportItemControllerTests.buildUser(ReportItemControllerTests.java:72)
  7. -> at com.optum.fads.pgp.reportsection.api.controller.ReportItemControllerTests.buildUser(ReportItemControllerTests.java:75)
  8. -> at com.optum.fads.pgp.reportsection.api.controller.ReportItemControllerTests.buildUser(ReportItemControllerTests.java:76)
  9. -> at com.optum.fads.pgp.reportsection.api.controller.ReportItemControllerTests.buildUser(ReportItemControllerTests.java:79)
  10. -> at com.optum.fads.pgp.reportsection.api.controller.ReportItemControllerTests.buildUser(ReportItemControllerTests.java:81)
Please remove unnecessary stubbings or use 'lenient' strictness. More info: javadoc for UnnecessaryStubbingException class.
        at org.mockito.junit.jupiter.MockitoExtension.lambda$afterEach$2(MockitoExtension.java:200)
        at java.base/java.util.Optional.ifPresent(Optional.java:178)
        at org.mockito.junit.jupiter.MockitoExtension.afterEach(MockitoExtension.java:198)
        at java.base/java.util.ArrayList.forEach(ArrayList.java:1511)
        at java.base/java.util.ArrayList.forEach(ArrayList.java:1511)

[ERROR] com.optum.fads.pgp.reportsection.api.controller.ReportItemControllerTests.getReportItems_ok -- Time elapsed: 0.015 s <<< ERROR!
org.mockito.exceptions.misusing.UnnecessaryStubbingException:

Unnecessary stubbings detected.
Clean & maintainable test code requires zero unnecessary code.
Following stubbings are unnecessary (click to navigate to relevant line of code):
  1. -> at com.optum.fads.pgp.reportsection.api.controller.ReportItemControllerTests.buildUser(ReportItemControllerTests.java:72)
  2. -> at com.optum.fads.pgp.reportsection.api.controller.ReportItemControllerTests.buildUser(ReportItemControllerTests.java:75)
  3. -> at com.optum.fads.pgp.reportsection.api.controller.ReportItemControllerTests.buildUser(ReportItemControllerTests.java:76)
  4. -> at com.optum.fads.pgp.reportsection.api.controller.ReportItemControllerTests.buildUser(ReportItemControllerTests.java:79)
  5. -> at com.optum.fads.pgp.reportsection.api.controller.ReportItemControllerTests.buildUser(ReportItemControllerTests.java:81)
  6. -> at com.optum.fads.pgp.reportsection.api.controller.ReportItemControllerTests.buildUser(ReportItemControllerTests.java:72)
  7. -> at com.optum.fads.pgp.reportsection.api.controller.ReportItemControllerTests.buildUser(ReportItemControllerTests.java:75)
  8. -> at com.optum.fads.pgp.reportsection.api.controller.ReportItemControllerTests.buildUser(ReportItemControllerTests.java:76)
  9. -> at com.optum.fads.pgp.reportsection.api.controller.ReportItemControllerTests.buildUser(ReportItemControllerTests.java:79)
  10. -> at com.optum.fads.pgp.reportsection.api.controller.ReportItemControllerTests.buildUser(ReportItemControllerTests.java:81)
  11. -> at com.optum.fads.pgp.reportsection.api.controller.ReportItemControllerTests.buildUser(ReportItemControllerTests.java:72)
  12. -> at com.optum.fads.pgp.reportsection.api.controller.ReportItemControllerTests.buildUser(ReportItemControllerTests.java:75)
  13. -> at com.optum.fads.pgp.reportsection.api.controller.ReportItemControllerTests.buildUser(ReportItemControllerTests.java:76)
  14. -> at com.optum.fads.pgp.reportsection.api.controller.ReportItemControllerTests.buildUser(ReportItemControllerTests.java:79)
  15. -> at com.optum.fads.pgp.reportsection.api.controller.ReportItemControllerTests.buildUser(ReportItemControllerTests.java:81)
Please remove unnecessary stubbings or use 'lenient' strictness. More info: javadoc for UnnecessaryStubbingException class.
        at org.mockito.junit.jupiter.MockitoExtension.lambda$afterEach$2(MockitoExtension.java:200)
        at java.base/java.util.Optional.ifPresent(Optional.java:178)
        at org.mockito.junit.jupiter.MockitoExtension.afterEach(MockitoExtension.java:198)
        at java.base/java.util.ArrayList.forEach(ArrayList.java:1511)
        at java.base/java.util.ArrayList.forEach(ArrayList.java:1511)

[ERROR] com.optum.fads.pgp.reportsection.api.controller.ReportItemControllerTests.updateReportItem_exception_returns400 -- Time elapsed: 0.052 s <<< ERROR!
org.mockito.exceptions.misusing.UnnecessaryStubbingException:

Unnecessary stubbings detected.
Clean & maintainable test code requires zero unnecessary code.
Following stubbings are unnecessary (click to navigate to relevant line of code):
  1. -> at com.optum.fads.pgp.reportsection.api.controller.ReportItemControllerTests.buildUser(ReportItemControllerTests.java:72)
  2. -> at com.optum.fads.pgp.reportsection.api.controller.ReportItemControllerTests.buildUser(ReportItemControllerTests.java:75)
  3. -> at com.optum.fads.pgp.reportsection.api.controller.ReportItemControllerTests.buildUser(ReportItemControllerTests.java:76)
  4. -> at com.optum.fads.pgp.reportsection.api.controller.ReportItemControllerTests.buildUser(ReportItemControllerTests.java:79)
  5. -> at com.optum.fads.pgp.reportsection.api.controller.ReportItemControllerTests.buildUser(ReportItemControllerTests.java:81)
  6. -> at com.optum.fads.pgp.reportsection.api.controller.ReportItemControllerTests.buildUser(ReportItemControllerTests.java:72)
  7. -> at com.optum.fads.pgp.reportsection.api.controller.ReportItemControllerTests.buildUser(ReportItemControllerTests.java:75)
  8. -> at com.optum.fads.pgp.reportsection.api.controller.ReportItemControllerTests.buildUser(ReportItemControllerTests.java:76)
  9. -> at com.optum.fads.pgp.reportsection.api.controller.ReportItemControllerTests.buildUser(ReportItemControllerTests.java:79)
  10. -> at com.optum.fads.pgp.reportsection.api.controller.ReportItemControllerTests.buildUser(ReportItemControllerTests.java:81)
Please remove unnecessary stubbings or use 'lenient' strictness. More info: javadoc for UnnecessaryStubbingException class.
        at org.mockito.junit.jupiter.MockitoExtension.lambda$afterEach$2(MockitoExtension.java:200)
        at java.base/java.util.Optional.ifPresent(Optional.java:178)
        at org.mockito.junit.jupiter.MockitoExtension.afterEach(MockitoExtension.java:198)
        at java.base/java.util.ArrayList.forEach(ArrayList.java:1511)
        at java.base/java.util.ArrayList.forEach(ArrayList.java:1511)

[ERROR] com.optum.fads.pgp.reportsection.api.controller.ReportItemControllerTests.getAvailableBehaviors_exception_returns400 -- Time elapsed: 0.014 s <<< ERROR!
org.mockito.exceptions.misusing.UnnecessaryStubbingException:

Unnecessary stubbings detected.
Clean & maintainable test code requires zero unnecessary code.
Following stubbings are unnecessary (click to navigate to relevant line of code):
  1. -> at com.optum.fads.pgp.reportsection.api.controller.ReportItemControllerTests.buildUser(ReportItemControllerTests.java:72)
  2. -> at com.optum.fads.pgp.reportsection.api.controller.ReportItemControllerTests.buildUser(ReportItemControllerTests.java:75)
  3. -> at com.optum.fads.pgp.reportsection.api.controller.ReportItemControllerTests.buildUser(ReportItemControllerTests.java:76)
  4. -> at com.optum.fads.pgp.reportsection.api.controller.ReportItemControllerTests.buildUser(ReportItemControllerTests.java:79)
  5. -> at com.optum.fads.pgp.reportsection.api.controller.ReportItemControllerTests.buildUser(ReportItemControllerTests.java:81)
  6. -> at com.optum.fads.pgp.reportsection.api.controller.ReportItemControllerTests.buildUser(ReportItemControllerTests.java:72)
  7. -> at com.optum.fads.pgp.reportsection.api.controller.ReportItemControllerTests.buildUser(ReportItemControllerTests.java:75)
  8. -> at com.optum.fads.pgp.reportsection.api.controller.ReportItemControllerTests.buildUser(ReportItemControllerTests.java:76)
  9. -> at com.optum.fads.pgp.reportsection.api.controller.ReportItemControllerTests.buildUser(ReportItemControllerTests.java:79)
  10. -> at com.optum.fads.pgp.reportsection.api.controller.ReportItemControllerTests.buildUser(ReportItemControllerTests.java:81)
  11. -> at com.optum.fads.pgp.reportsection.api.controller.ReportItemControllerTests.buildUser(ReportItemControllerTests.java:72)
  12. -> at com.optum.fads.pgp.reportsection.api.controller.ReportItemControllerTests.buildUser(ReportItemControllerTests.java:75)
  13. -> at com.optum.fads.pgp.reportsection.api.controller.ReportItemControllerTests.buildUser(ReportItemControllerTests.java:76)
  14. -> at com.optum.fads.pgp.reportsection.api.controller.ReportItemControllerTests.buildUser(ReportItemControllerTests.java:79)
  15. -> at com.optum.fads.pgp.reportsection.api.controller.ReportItemControllerTests.buildUser(ReportItemControllerTests.java:81)
Please remove unnecessary stubbings or use 'lenient' strictness. More info: javadoc for UnnecessaryStubbingException class.
        at org.mockito.junit.jupiter.MockitoExtension.lambda$afterEach$2(MockitoExtension.java:200)
        at java.base/java.util.Optional.ifPresent(Optional.java:178)
        at org.mockito.junit.jupiter.MockitoExtension.afterEach(MockitoExtension.java:198)
        at java.base/java.util.ArrayList.forEach(ArrayList.java:1511)
        at java.base/java.util.ArrayList.forEach(ArrayList.java:1511)

[ERROR] com.optum.fads.pgp.reportsection.api.controller.ReportItemControllerTests.deleteReportItemById_exception_returns400 -- Time elapsed: 0.021 s <<< ERROR!
org.mockito.exceptions.misusing.UnnecessaryStubbingException:

Unnecessary stubbings detected.
Clean & maintainable test code requires zero unnecessary code.
Following stubbings are unnecessary (click to navigate to relevant line of code):
  1. -> at com.optum.fads.pgp.reportsection.api.controller.ReportItemControllerTests.buildUser(ReportItemControllerTests.java:72)
  2. -> at com.optum.fads.pgp.reportsection.api.controller.ReportItemControllerTests.buildUser(ReportItemControllerTests.java:75)
  3. -> at com.optum.fads.pgp.reportsection.api.controller.ReportItemControllerTests.buildUser(ReportItemControllerTests.java:76)
  4. -> at com.optum.fads.pgp.reportsection.api.controller.ReportItemControllerTests.buildUser(ReportItemControllerTests.java:79)
  5. -> at com.optum.fads.pgp.reportsection.api.controller.ReportItemControllerTests.buildUser(ReportItemControllerTests.java:81)
  6. -> at com.optum.fads.pgp.reportsection.api.controller.ReportItemControllerTests.buildUser(ReportItemControllerTests.java:72)
  7. -> at com.optum.fads.pgp.reportsection.api.controller.ReportItemControllerTests.buildUser(ReportItemControllerTests.java:75)
  8. -> at com.optum.fads.pgp.reportsection.api.controller.ReportItemControllerTests.buildUser(ReportItemControllerTests.java:76)
  9. -> at com.optum.fads.pgp.reportsection.api.controller.ReportItemControllerTests.buildUser(ReportItemControllerTests.java:79)
  10. -> at com.optum.fads.pgp.reportsection.api.controller.ReportItemControllerTests.buildUser(ReportItemControllerTests.java:81)
  11. -> at com.optum.fads.pgp.reportsection.api.controller.ReportItemControllerTests.buildUser(ReportItemControllerTests.java:72)
  12. -> at com.optum.fads.pgp.reportsection.api.controller.ReportItemControllerTests.buildUser(ReportItemControllerTests.java:75)
  13. -> at com.optum.fads.pgp.reportsection.api.controller.ReportItemControllerTests.buildUser(ReportItemControllerTests.java:76)
  14. -> at com.optum.fads.pgp.reportsection.api.controller.ReportItemControllerTests.buildUser(ReportItemControllerTests.java:79)
  15. -> at com.optum.fads.pgp.reportsection.api.controller.ReportItemControllerTests.buildUser(ReportItemControllerTests.java:81)
Please remove unnecessary stubbings or use 'lenient' strictness. More info: javadoc for UnnecessaryStubbingException class.
        at org.mockito.junit.jupiter.MockitoExtension.lambda$afterEach$2(MockitoExtension.java:200)
        at java.base/java.util.Optional.ifPresent(Optional.java:178)
        at org.mockito.junit.jupiter.MockitoExtension.afterEach(MockitoExtension.java:198)
        at java.base/java.util.ArrayList.forEach(ArrayList.java:1511)
        at java.base/java.util.ArrayList.forEach(ArrayList.java:1511)

[ERROR] com.optum.fads.pgp.reportsection.api.controller.ReportItemControllerTests.updateReportItem_accessA_ok -- Time elapsed: 0.029 s <<< ERROR!
org.mockito.exceptions.misusing.UnnecessaryStubbingException:

Unnecessary stubbings detected.
Clean & maintainable test code requires zero unnecessary code.
Following stubbings are unnecessary (click to navigate to relevant line of code):
  1. -> at com.optum.fads.pgp.reportsection.api.controller.ReportItemControllerTests.buildUser(ReportItemControllerTests.java:72)
  2. -> at com.optum.fads.pgp.reportsection.api.controller.ReportItemControllerTests.buildUser(ReportItemControllerTests.java:75)
  3. -> at com.optum.fads.pgp.reportsection.api.controller.ReportItemControllerTests.buildUser(ReportItemControllerTests.java:76)
  4. -> at com.optum.fads.pgp.reportsection.api.controller.ReportItemControllerTests.buildUser(ReportItemControllerTests.java:79)
  5. -> at com.optum.fads.pgp.reportsection.api.controller.ReportItemControllerTests.buildUser(ReportItemControllerTests.java:81)
  6. -> at com.optum.fads.pgp.reportsection.api.controller.ReportItemControllerTests.buildUser(ReportItemControllerTests.java:72)
  7. -> at com.optum.fads.pgp.reportsection.api.controller.ReportItemControllerTests.buildUser(ReportItemControllerTests.java:75)
  8. -> at com.optum.fads.pgp.reportsection.api.controller.ReportItemControllerTests.buildUser(ReportItemControllerTests.java:76)
  9. -> at com.optum.fads.pgp.reportsection.api.controller.ReportItemControllerTests.buildUser(ReportItemControllerTests.java:79)
  10. -> at com.optum.fads.pgp.reportsection.api.controller.ReportItemControllerTests.buildUser(ReportItemControllerTests.java:81)
Please remove unnecessary stubbings or use 'lenient' strictness. More info: javadoc for UnnecessaryStubbingException class.
        at org.mockito.junit.jupiter.MockitoExtension.lambda$afterEach$2(MockitoExtension.java:200)
        at java.base/java.util.Optional.ifPresent(Optional.java:178)
        at org.mockito.junit.jupiter.MockitoExtension.afterEach(MockitoExtension.java:198)
        at java.base/java.util.ArrayList.forEach(ArrayList.java:1511)
        at java.base/java.util.ArrayList.forEach(ArrayList.java:1511)

[ERROR] com.optum.fads.pgp.reportsection.api.controller.ReportItemControllerTests.getAvailableBehaviors_ok -- Time elapsed: 0.038 s <<< ERROR!
org.mockito.exceptions.misusing.UnnecessaryStubbingException:

Unnecessary stubbings detected.
Clean & maintainable test code requires zero unnecessary code.
Following stubbings are unnecessary (click to navigate to relevant line of code):
  1. -> at com.optum.fads.pgp.reportsection.api.controller.ReportItemControllerTests.buildUser(ReportItemControllerTests.java:72)
  2. -> at com.optum.fads.pgp.reportsection.api.controller.ReportItemControllerTests.buildUser(ReportItemControllerTests.java:75)
  3. -> at com.optum.fads.pgp.reportsection.api.controller.ReportItemControllerTests.buildUser(ReportItemControllerTests.java:76)
  4. -> at com.optum.fads.pgp.reportsection.api.controller.ReportItemControllerTests.buildUser(ReportItemControllerTests.java:79)
  5. -> at com.optum.fads.pgp.reportsection.api.controller.ReportItemControllerTests.buildUser(ReportItemControllerTests.java:81)
  6. -> at com.optum.fads.pgp.reportsection.api.controller.ReportItemControllerTests.buildUser(ReportItemControllerTests.java:72)
  7. -> at com.optum.fads.pgp.reportsection.api.controller.ReportItemControllerTests.buildUser(ReportItemControllerTests.java:75)
  8. -> at com.optum.fads.pgp.reportsection.api.controller.ReportItemControllerTests.buildUser(ReportItemControllerTests.java:76)
  9. -> at com.optum.fads.pgp.reportsection.api.controller.ReportItemControllerTests.buildUser(ReportItemControllerTests.java:79)
  10. -> at com.optum.fads.pgp.reportsection.api.controller.ReportItemControllerTests.buildUser(ReportItemControllerTests.java:81)
  11. -> at com.optum.fads.pgp.reportsection.api.controller.ReportItemControllerTests.buildUser(ReportItemControllerTests.java:72)
  12. -> at com.optum.fads.pgp.reportsection.api.controller.ReportItemControllerTests.buildUser(ReportItemControllerTests.java:75)
  13. -> at com.optum.fads.pgp.reportsection.api.controller.ReportItemControllerTests.buildUser(ReportItemControllerTests.java:76)
  14. -> at com.optum.fads.pgp.reportsection.api.controller.ReportItemControllerTests.buildUser(ReportItemControllerTests.java:79)
  15. -> at com.optum.fads.pgp.reportsection.api.controller.ReportItemControllerTests.buildUser(ReportItemControllerTests.java:81)
Please remove unnecessary stubbings or use 'lenient' strictness. More info: javadoc for UnnecessaryStubbingException class.
        at org.mockito.junit.jupiter.MockitoExtension.lambda$afterEach$2(MockitoExtension.java:200)
        at java.base/java.util.Optional.ifPresent(Optional.java:178)
        at org.mockito.junit.jupiter.MockitoExtension.afterEach(MockitoExtension.java:198)
        at java.base/java.util.ArrayList.forEach(ArrayList.java:1511)
        at java.base/java.util.ArrayList.forEach(ArrayList.java:1511)

[ERROR] com.optum.fads.pgp.reportsection.api.controller.ReportItemControllerTests.getSelectedBehaviors_exception_returns400 -- Time elapsed: 0.023 s <<< ERROR!
org.mockito.exceptions.misusing.UnnecessaryStubbingException:

Unnecessary stubbings detected.
Clean & maintainable test code requires zero unnecessary code.
Following stubbings are unnecessary (click to navigate to relevant line of code):
  1. -> at com.optum.fads.pgp.reportsection.api.controller.ReportItemControllerTests.buildUser(ReportItemControllerTests.java:72)
  2. -> at com.optum.fads.pgp.reportsection.api.controller.ReportItemControllerTests.buildUser(ReportItemControllerTests.java:75)
  3. -> at com.optum.fads.pgp.reportsection.api.controller.ReportItemControllerTests.buildUser(ReportItemControllerTests.java:76)
  4. -> at com.optum.fads.pgp.reportsection.api.controller.ReportItemControllerTests.buildUser(ReportItemControllerTests.java:79)
  5. -> at com.optum.fads.pgp.reportsection.api.controller.ReportItemControllerTests.buildUser(ReportItemControllerTests.java:81)
  6. -> at com.optum.fads.pgp.reportsection.api.controller.ReportItemControllerTests.buildUser(ReportItemControllerTests.java:72)
  7. -> at com.optum.fads.pgp.reportsection.api.controller.ReportItemControllerTests.buildUser(ReportItemControllerTests.java:75)
  8. -> at com.optum.fads.pgp.reportsection.api.controller.ReportItemControllerTests.buildUser(ReportItemControllerTests.java:76)
  9. -> at com.optum.fads.pgp.reportsection.api.controller.ReportItemControllerTests.buildUser(ReportItemControllerTests.java:79)
  10. -> at com.optum.fads.pgp.reportsection.api.controller.ReportItemControllerTests.buildUser(ReportItemControllerTests.java:81)
  11. -> at com.optum.fads.pgp.reportsection.api.controller.ReportItemControllerTests.buildUser(ReportItemControllerTests.java:72)
  12. -> at com.optum.fads.pgp.reportsection.api.controller.ReportItemControllerTests.buildUser(ReportItemControllerTests.java:75)
  13. -> at com.optum.fads.pgp.reportsection.api.controller.ReportItemControllerTests.buildUser(ReportItemControllerTests.java:76)
  14. -> at com.optum.fads.pgp.reportsection.api.controller.ReportItemControllerTests.buildUser(ReportItemControllerTests.java:79)
  15. -> at com.optum.fads.pgp.reportsection.api.controller.ReportItemControllerTests.buildUser(ReportItemControllerTests.java:81)
Please remove unnecessary stubbings or use 'lenient' strictness. More info: javadoc for UnnecessaryStubbingException class.
        at org.mockito.junit.jupiter.MockitoExtension.lambda$afterEach$2(MockitoExtension.java:200)
        at java.base/java.util.Optional.ifPresent(Optional.java:178)
        at org.mockito.junit.jupiter.MockitoExtension.afterEach(MockitoExtension.java:198)
        at java.base/java.util.ArrayList.forEach(ArrayList.java:1511)
        at java.base/java.util.ArrayList.forEach(ArrayList.java:1511)

[ERROR] com.optum.fads.pgp.reportsection.api.controller.ReportItemControllerTests.getMyReportItems_exception_returns400 -- Time elapsed: 0.023 s <<< ERROR!
org.mockito.exceptions.misusing.UnnecessaryStubbingException:

Unnecessary stubbings detected.
Clean & maintainable test code requires zero unnecessary code.
Following stubbings are unnecessary (click to navigate to relevant line of code):
  1. -> at com.optum.fads.pgp.reportsection.api.controller.ReportItemControllerTests.buildUser(ReportItemControllerTests.java:75)
  2. -> at com.optum.fads.pgp.reportsection.api.controller.ReportItemControllerTests.buildUser(ReportItemControllerTests.java:76)
  3. -> at com.optum.fads.pgp.reportsection.api.controller.ReportItemControllerTests.buildUser(ReportItemControllerTests.java:79)
  4. -> at com.optum.fads.pgp.reportsection.api.controller.ReportItemControllerTests.buildUser(ReportItemControllerTests.java:81)
  5. -> at com.optum.fads.pgp.reportsection.api.controller.ReportItemControllerTests.buildUser(ReportItemControllerTests.java:72)
  6. -> at com.optum.fads.pgp.reportsection.api.controller.ReportItemControllerTests.buildUser(ReportItemControllerTests.java:75)
  7. -> at com.optum.fads.pgp.reportsection.api.controller.ReportItemControllerTests.buildUser(ReportItemControllerTests.java:76)
  8. -> at com.optum.fads.pgp.reportsection.api.controller.ReportItemControllerTests.buildUser(ReportItemControllerTests.java:79)
  9. -> at com.optum.fads.pgp.reportsection.api.controller.ReportItemControllerTests.buildUser(ReportItemControllerTests.java:81)
  10. -> at com.optum.fads.pgp.reportsection.api.controller.ReportItemControllerTests.buildUser(ReportItemControllerTests.java:72)
  11. -> at com.optum.fads.pgp.reportsection.api.controller.ReportItemControllerTests.buildUser(ReportItemControllerTests.java:75)
  12. -> at com.optum.fads.pgp.reportsection.api.controller.ReportItemControllerTests.buildUser(ReportItemControllerTests.java:76)
  13. -> at com.optum.fads.pgp.reportsection.api.controller.ReportItemControllerTests.buildUser(ReportItemControllerTests.java:79)
  14. -> at com.optum.fads.pgp.reportsection.api.controller.ReportItemControllerTests.buildUser(ReportItemControllerTests.java:81)
Please remove unnecessary stubbings or use 'lenient' strictness. More info: javadoc for UnnecessaryStubbingException class.
        at org.mockito.junit.jupiter.MockitoExtension.lambda$afterEach$2(MockitoExtension.java:200)
        at java.base/java.util.Optional.ifPresent(Optional.java:178)
        at org.mockito.junit.jupiter.MockitoExtension.afterEach(MockitoExtension.java:198)
        at java.base/java.util.ArrayList.forEach(ArrayList.java:1511)
        at java.base/java.util.ArrayList.forEach(ArrayList.java:1511)

[ERROR] com.optum.fads.pgp.reportsection.api.controller.ReportItemControllerTests.updateReportItem_accessB_notOwner_forbidden -- Time elapsed: 0.017 s <<< ERROR!
org.mockito.exceptions.misusing.UnnecessaryStubbingException:

Unnecessary stubbings detected.
Clean & maintainable test code requires zero unnecessary code.
Following stubbings are unnecessary (click to navigate to relevant line of code):
  1. -> at com.optum.fads.pgp.reportsection.api.controller.ReportItemControllerTests.buildUser(ReportItemControllerTests.java:72)
  2. -> at com.optum.fads.pgp.reportsection.api.controller.ReportItemControllerTests.buildUser(ReportItemControllerTests.java:75)
  3. -> at com.optum.fads.pgp.reportsection.api.controller.ReportItemControllerTests.buildUser(ReportItemControllerTests.java:76)
  4. -> at com.optum.fads.pgp.reportsection.api.controller.ReportItemControllerTests.buildUser(ReportItemControllerTests.java:79)
  5. -> at com.optum.fads.pgp.reportsection.api.controller.ReportItemControllerTests.buildUser(ReportItemControllerTests.java:81)
  6. -> at com.optum.fads.pgp.reportsection.api.controller.ReportItemControllerTests.buildUser(ReportItemControllerTests.java:72)
  7. -> at com.optum.fads.pgp.reportsection.api.controller.ReportItemControllerTests.buildUser(ReportItemControllerTests.java:75)
  8. -> at com.optum.fads.pgp.reportsection.api.controller.ReportItemControllerTests.buildUser(ReportItemControllerTests.java:76)
  9. -> at com.optum.fads.pgp.reportsection.api.controller.ReportItemControllerTests.buildUser(ReportItemControllerTests.java:79)
  10. -> at com.optum.fads.pgp.reportsection.api.controller.ReportItemControllerTests.buildUser(ReportItemControllerTests.java:81)
Please remove unnecessary stubbings or use 'lenient' strictness. More info: javadoc for UnnecessaryStubbingException class.
        at org.mockito.junit.jupiter.MockitoExtension.lambda$afterEach$2(MockitoExtension.java:200)
        at java.base/java.util.Optional.ifPresent(Optional.java:178)
        at org.mockito.junit.jupiter.MockitoExtension.afterEach(MockitoExtension.java:198)
        at java.base/java.util.ArrayList.forEach(ArrayList.java:1511)
        at java.base/java.util.ArrayList.forEach(ArrayList.java:1511)

[ERROR] com.optum.fads.pgp.reportsection.api.controller.ReportItemControllerTests.newReportItem_exception_returns400 -- Time elapsed: 0.017 s <<< ERROR!
org.mockito.exceptions.misusing.UnnecessaryStubbingException:

Unnecessary stubbings detected.
Clean & maintainable test code requires zero unnecessary code.
Following stubbings are unnecessary (click to navigate to relevant line of code):
  1. -> at com.optum.fads.pgp.reportsection.api.controller.ReportItemControllerTests.buildUser(ReportItemControllerTests.java:72)
  2. -> at com.optum.fads.pgp.reportsection.api.controller.ReportItemControllerTests.buildUser(ReportItemControllerTests.java:75)
  3. -> at com.optum.fads.pgp.reportsection.api.controller.ReportItemControllerTests.buildUser(ReportItemControllerTests.java:76)
  4. -> at com.optum.fads.pgp.reportsection.api.controller.ReportItemControllerTests.buildUser(ReportItemControllerTests.java:79)
  5. -> at com.optum.fads.pgp.reportsection.api.controller.ReportItemControllerTests.buildUser(ReportItemControllerTests.java:81)
  6. -> at com.optum.fads.pgp.reportsection.api.controller.ReportItemControllerTests.buildUser(ReportItemControllerTests.java:72)
  7. -> at com.optum.fads.pgp.reportsection.api.controller.ReportItemControllerTests.buildUser(ReportItemControllerTests.java:75)
  8. -> at com.optum.fads.pgp.reportsection.api.controller.ReportItemControllerTests.buildUser(ReportItemControllerTests.java:76)
  9. -> at com.optum.fads.pgp.reportsection.api.controller.ReportItemControllerTests.buildUser(ReportItemControllerTests.java:79)
  10. -> at com.optum.fads.pgp.reportsection.api.controller.ReportItemControllerTests.buildUser(ReportItemControllerTests.java:81)
Please remove unnecessary stubbings or use 'lenient' strictness. More info: javadoc for UnnecessaryStubbingException class.
        at org.mockito.junit.jupiter.MockitoExtension.lambda$afterEach$2(MockitoExtension.java:200)
        at java.base/java.util.Optional.ifPresent(Optional.java:178)
        at org.mockito.junit.jupiter.MockitoExtension.afterEach(MockitoExtension.java:198)
        at java.base/java.util.ArrayList.forEach(ArrayList.java:1511)
        at java.base/java.util.ArrayList.forEach(ArrayList.java:1511)

[ERROR] com.optum.fads.pgp.reportsection.api.controller.ReportItemControllerTests.updateReportItem_accessB_owner_ok -- Time elapsed: 0.021 s <<< ERROR!
org.mockito.exceptions.misusing.UnnecessaryStubbingException:

Unnecessary stubbings detected.
Clean & maintainable test code requires zero unnecessary code.
Following stubbings are unnecessary (click to navigate to relevant line of code):
  1. -> at com.optum.fads.pgp.reportsection.api.controller.ReportItemControllerTests.buildUser(ReportItemControllerTests.java:72)
  2. -> at com.optum.fads.pgp.reportsection.api.controller.ReportItemControllerTests.buildUser(ReportItemControllerTests.java:75)
  3. -> at com.optum.fads.pgp.reportsection.api.controller.ReportItemControllerTests.buildUser(ReportItemControllerTests.java:76)
  4. -> at com.optum.fads.pgp.reportsection.api.controller.ReportItemControllerTests.buildUser(ReportItemControllerTests.java:79)
  5. -> at com.optum.fads.pgp.reportsection.api.controller.ReportItemControllerTests.buildUser(ReportItemControllerTests.java:81)
  6. -> at com.optum.fads.pgp.reportsection.api.controller.ReportItemControllerTests.buildUser(ReportItemControllerTests.java:72)
  7. -> at com.optum.fads.pgp.reportsection.api.controller.ReportItemControllerTests.buildUser(ReportItemControllerTests.java:75)
  8. -> at com.optum.fads.pgp.reportsection.api.controller.ReportItemControllerTests.buildUser(ReportItemControllerTests.java:76)
  9. -> at com.optum.fads.pgp.reportsection.api.controller.ReportItemControllerTests.buildUser(ReportItemControllerTests.java:79)
  10. -> at com.optum.fads.pgp.reportsection.api.controller.ReportItemControllerTests.buildUser(ReportItemControllerTests.java:81)
Please remove unnecessary stubbings or use 'lenient' strictness. More info: javadoc for UnnecessaryStubbingException class.
        at org.mockito.junit.jupiter.MockitoExtension.lambda$afterEach$2(MockitoExtension.java:200)
        at java.base/java.util.Optional.ifPresent(Optional.java:178)
        at org.mockito.junit.jupiter.MockitoExtension.afterEach(MockitoExtension.java:198)
        at java.base/java.util.ArrayList.forEach(ArrayList.java:1511)
        at java.base/java.util.ArrayList.forEach(ArrayList.java:1511)

[ERROR] com.optum.fads.pgp.reportsection.api.controller.ReportItemControllerTests.getMyReportItems_addsUserSystemIdFilter_ok -- Time elapsed: 0.011 s <<< ERROR!
org.mockito.exceptions.misusing.UnnecessaryStubbingException:

Unnecessary stubbings detected.
Clean & maintainable test code requires zero unnecessary code.
Following stubbings are unnecessary (click to navigate to relevant line of code):
  1. -> at com.optum.fads.pgp.reportsection.api.controller.ReportItemControllerTests.buildUser(ReportItemControllerTests.java:75)
  2. -> at com.optum.fads.pgp.reportsection.api.controller.ReportItemControllerTests.buildUser(ReportItemControllerTests.java:76)
  3. -> at com.optum.fads.pgp.reportsection.api.controller.ReportItemControllerTests.buildUser(ReportItemControllerTests.java:79)
  4. -> at com.optum.fads.pgp.reportsection.api.controller.ReportItemControllerTests.buildUser(ReportItemControllerTests.java:81)
  5. -> at com.optum.fads.pgp.reportsection.api.controller.ReportItemControllerTests.buildUser(ReportItemControllerTests.java:72)
  6. -> at com.optum.fads.pgp.reportsection.api.controller.ReportItemControllerTests.buildUser(ReportItemControllerTests.java:75)
  7. -> at com.optum.fads.pgp.reportsection.api.controller.ReportItemControllerTests.buildUser(ReportItemControllerTests.java:76)
  8. -> at com.optum.fads.pgp.reportsection.api.controller.ReportItemControllerTests.buildUser(ReportItemControllerTests.java:79)
  9. -> at com.optum.fads.pgp.reportsection.api.controller.ReportItemControllerTests.buildUser(ReportItemControllerTests.java:81)
  10. -> at com.optum.fads.pgp.reportsection.api.controller.ReportItemControllerTests.buildUser(ReportItemControllerTests.java:72)
  11. -> at com.optum.fads.pgp.reportsection.api.controller.ReportItemControllerTests.buildUser(ReportItemControllerTests.java:75)
  12. -> at com.optum.fads.pgp.reportsection.api.controller.ReportItemControllerTests.buildUser(ReportItemControllerTests.java:76)
  13. -> at com.optum.fads.pgp.reportsection.api.controller.ReportItemControllerTests.buildUser(ReportItemControllerTests.java:79)
  14. -> at com.optum.fads.pgp.reportsection.api.controller.ReportItemControllerTests.buildUser(ReportItemControllerTests.java:81)
Please remove unnecessary stubbings or use 'lenient' strictness. More info: javadoc for UnnecessaryStubbingException class.
        at org.mockito.junit.jupiter.MockitoExtension.lambda$afterEach$2(MockitoExtension.java:200)
        at java.base/java.util.Optional.ifPresent(Optional.java:178)
        at org.mockito.junit.jupiter.MockitoExtension.afterEach(MockitoExtension.java:198)
        at java.base/java.util.ArrayList.forEach(ArrayList.java:1511)
        at java.base/java.util.ArrayList.forEach(ArrayList.java:1511)

[ERROR] com.optum.fads.pgp.reportsection.api.controller.ReportItemControllerTests.getReportItemById_exception_returns400 -- Time elapsed: 0.036 s <<< ERROR!
org.mockito.exceptions.misusing.UnnecessaryStubbingException:

Unnecessary stubbings detected.
Clean & maintainable test code requires zero unnecessary code.
Following stubbings are unnecessary (click to navigate to relevant line of code):
  1. -> at com.optum.fads.pgp.reportsection.api.controller.ReportItemControllerTests.buildUser(ReportItemControllerTests.java:72)
  2. -> at com.optum.fads.pgp.reportsection.api.controller.ReportItemControllerTests.buildUser(ReportItemControllerTests.java:75)
  3. -> at com.optum.fads.pgp.reportsection.api.controller.ReportItemControllerTests.buildUser(ReportItemControllerTests.java:76)
  4. -> at com.optum.fads.pgp.reportsection.api.controller.ReportItemControllerTests.buildUser(ReportItemControllerTests.java:79)
  5. -> at com.optum.fads.pgp.reportsection.api.controller.ReportItemControllerTests.buildUser(ReportItemControllerTests.java:81)
  6. -> at com.optum.fads.pgp.reportsection.api.controller.ReportItemControllerTests.buildUser(ReportItemControllerTests.java:72)
  7. -> at com.optum.fads.pgp.reportsection.api.controller.ReportItemControllerTests.buildUser(ReportItemControllerTests.java:75)
  8. -> at com.optum.fads.pgp.reportsection.api.controller.ReportItemControllerTests.buildUser(ReportItemControllerTests.java:76)
  9. -> at com.optum.fads.pgp.reportsection.api.controller.ReportItemControllerTests.buildUser(ReportItemControllerTests.java:79)
  10. -> at com.optum.fads.pgp.reportsection.api.controller.ReportItemControllerTests.buildUser(ReportItemControllerTests.java:81)
  11. -> at com.optum.fads.pgp.reportsection.api.controller.ReportItemControllerTests.buildUser(ReportItemControllerTests.java:72)
  12. -> at com.optum.fads.pgp.reportsection.api.controller.ReportItemControllerTests.buildUser(ReportItemControllerTests.java:75)
  13. -> at com.optum.fads.pgp.reportsection.api.controller.ReportItemControllerTests.buildUser(ReportItemControllerTests.java:76)
  14. -> at com.optum.fads.pgp.reportsection.api.controller.ReportItemControllerTests.buildUser(ReportItemControllerTests.java:79)
  15. -> at com.optum.fads.pgp.reportsection.api.controller.ReportItemControllerTests.buildUser(ReportItemControllerTests.java:81)
Please remove unnecessary stubbings or use 'lenient' strictness. More info: javadoc for UnnecessaryStubbingException class.
        at org.mockito.junit.jupiter.MockitoExtension.lambda$afterEach$2(MockitoExtension.java:200)
        at java.base/java.util.Optional.ifPresent(Optional.java:178)
        at org.mockito.junit.jupiter.MockitoExtension.afterEach(MockitoExtension.java:198)
        at java.base/java.util.ArrayList.forEach(ArrayList.java:1511)
        at java.base/java.util.ArrayList.forEach(ArrayList.java:1511)

[ERROR] com.optum.fads.pgp.reportsection.api.controller.ReportItemControllerTests.getReportItems_exception_returns400 -- Time elapsed: 0.025 s <<< ERROR!
org.mockito.exceptions.misusing.UnnecessaryStubbingException:

Unnecessary stubbings detected.
Clean & maintainable test code requires zero unnecessary code.
Following stubbings are unnecessary (click to navigate to relevant line of code):
  1. -> at com.optum.fads.pgp.reportsection.api.controller.ReportItemControllerTests.buildUser(ReportItemControllerTests.java:72)
  2. -> at com.optum.fads.pgp.reportsection.api.controller.ReportItemControllerTests.buildUser(ReportItemControllerTests.java:75)
  3. -> at com.optum.fads.pgp.reportsection.api.controller.ReportItemControllerTests.buildUser(ReportItemControllerTests.java:76)
  4. -> at com.optum.fads.pgp.reportsection.api.controller.ReportItemControllerTests.buildUser(ReportItemControllerTests.java:79)
  5. -> at com.optum.fads.pgp.reportsection.api.controller.ReportItemControllerTests.buildUser(ReportItemControllerTests.java:81)
  6. -> at com.optum.fads.pgp.reportsection.api.controller.ReportItemControllerTests.buildUser(ReportItemControllerTests.java:72)
  7. -> at com.optum.fads.pgp.reportsection.api.controller.ReportItemControllerTests.buildUser(ReportItemControllerTests.java:75)
  8. -> at com.optum.fads.pgp.reportsection.api.controller.ReportItemControllerTests.buildUser(ReportItemControllerTests.java:76)
  9. -> at com.optum.fads.pgp.reportsection.api.controller.ReportItemControllerTests.buildUser(ReportItemControllerTests.java:79)
  10. -> at com.optum.fads.pgp.reportsection.api.controller.ReportItemControllerTests.buildUser(ReportItemControllerTests.java:81)
  11. -> at com.optum.fads.pgp.reportsection.api.controller.ReportItemControllerTests.buildUser(ReportItemControllerTests.java:72)
  12. -> at com.optum.fads.pgp.reportsection.api.controller.ReportItemControllerTests.buildUser(ReportItemControllerTests.java:75)
  13. -> at com.optum.fads.pgp.reportsection.api.controller.ReportItemControllerTests.buildUser(ReportItemControllerTests.java:76)
  14. -> at com.optum.fads.pgp.reportsection.api.controller.ReportItemControllerTests.buildUser(ReportItemControllerTests.java:79)
  15. -> at com.optum.fads.pgp.reportsection.api.controller.ReportItemControllerTests.buildUser(ReportItemControllerTests.java:81)
Please remove unnecessary stubbings or use 'lenient' strictness. More info: javadoc for UnnecessaryStubbingException class.
        at org.mockito.junit.jupiter.MockitoExtension.lambda$afterEach$2(MockitoExtension.java:200)
        at java.base/java.util.Optional.ifPresent(Optional.java:178)
        at org.mockito.junit.jupiter.MockitoExtension.afterEach(MockitoExtension.java:198)
        at java.base/java.util.ArrayList.forEach(ArrayList.java:1511)
        at java.base/java.util.ArrayList.forEach(ArrayList.java:1511)

[ERROR] com.optum.fads.pgp.reportsection.api.controller.ReportItemControllerTests.newReportItem_accessB_created -- Time elapsed: 0.053 s <<< ERROR!
org.mockito.exceptions.misusing.UnnecessaryStubbingException:

Unnecessary stubbings detected.
Clean & maintainable test code requires zero unnecessary code.
Following stubbings are unnecessary (click to navigate to relevant line of code):
  1. -> at com.optum.fads.pgp.reportsection.api.controller.ReportItemControllerTests.buildUser(ReportItemControllerTests.java:72)
  2. -> at com.optum.fads.pgp.reportsection.api.controller.ReportItemControllerTests.buildUser(ReportItemControllerTests.java:75)
  3. -> at com.optum.fads.pgp.reportsection.api.controller.ReportItemControllerTests.buildUser(ReportItemControllerTests.java:76)
  4. -> at com.optum.fads.pgp.reportsection.api.controller.ReportItemControllerTests.buildUser(ReportItemControllerTests.java:79)
  5. -> at com.optum.fads.pgp.reportsection.api.controller.ReportItemControllerTests.buildUser(ReportItemControllerTests.java:81)
  6. -> at com.optum.fads.pgp.reportsection.api.controller.ReportItemControllerTests.buildUser(ReportItemControllerTests.java:72)
  7. -> at com.optum.fads.pgp.reportsection.api.controller.ReportItemControllerTests.buildUser(ReportItemControllerTests.java:75)
  8. -> at com.optum.fads.pgp.reportsection.api.controller.ReportItemControllerTests.buildUser(ReportItemControllerTests.java:76)
  9. -> at com.optum.fads.pgp.reportsection.api.controller.ReportItemControllerTests.buildUser(ReportItemControllerTests.java:79)
  10. -> at com.optum.fads.pgp.reportsection.api.controller.ReportItemControllerTests.buildUser(ReportItemControllerTests.java:81)
Please remove unnecessary stubbings or use 'lenient' strictness. More info: javadoc for UnnecessaryStubbingException class.
        at org.mockito.junit.jupiter.MockitoExtension.lambda$afterEach$2(MockitoExtension.java:200)
        at java.base/java.util.Optional.ifPresent(Optional.java:178)
        at org.mockito.junit.jupiter.MockitoExtension.afterEach(MockitoExtension.java:198)
        at java.base/java.util.ArrayList.forEach(ArrayList.java:1511)
        at java.base/java.util.ArrayList.forEach(ArrayList.java:1511)

[ERROR] com.optum.fads.pgp.reportsection.api.controller.ReportItemControllerTests.getSelectedBehaviors_ok -- Time elapsed: 0.014 s <<< ERROR!
org.mockito.exceptions.misusing.UnnecessaryStubbingException:

Unnecessary stubbings detected.
Clean & maintainable test code requires zero unnecessary code.
Following stubbings are unnecessary (click to navigate to relevant line of code):
  1. -> at com.optum.fads.pgp.reportsection.api.controller.ReportItemControllerTests.buildUser(ReportItemControllerTests.java:72)
  2. -> at com.optum.fads.pgp.reportsection.api.controller.ReportItemControllerTests.buildUser(ReportItemControllerTests.java:75)
  3. -> at com.optum.fads.pgp.reportsection.api.controller.ReportItemControllerTests.buildUser(ReportItemControllerTests.java:76)
  4. -> at com.optum.fads.pgp.reportsection.api.controller.ReportItemControllerTests.buildUser(ReportItemControllerTests.java:79)
  5. -> at com.optum.fads.pgp.reportsection.api.controller.ReportItemControllerTests.buildUser(ReportItemControllerTests.java:81)
  6. -> at com.optum.fads.pgp.reportsection.api.controller.ReportItemControllerTests.buildUser(ReportItemControllerTests.java:72)
  7. -> at com.optum.fads.pgp.reportsection.api.controller.ReportItemControllerTests.buildUser(ReportItemControllerTests.java:75)
  8. -> at com.optum.fads.pgp.reportsection.api.controller.ReportItemControllerTests.buildUser(ReportItemControllerTests.java:76)
  9. -> at com.optum.fads.pgp.reportsection.api.controller.ReportItemControllerTests.buildUser(ReportItemControllerTests.java:79)
  10. -> at com.optum.fads.pgp.reportsection.api.controller.ReportItemControllerTests.buildUser(ReportItemControllerTests.java:81)
  11. -> at com.optum.fads.pgp.reportsection.api.controller.ReportItemControllerTests.buildUser(ReportItemControllerTests.java:72)
  12. -> at com.optum.fads.pgp.reportsection.api.controller.ReportItemControllerTests.buildUser(ReportItemControllerTests.java:75)
  13. -> at com.optum.fads.pgp.reportsection.api.controller.ReportItemControllerTests.buildUser(ReportItemControllerTests.java:76)
  14. -> at com.optum.fads.pgp.reportsection.api.controller.ReportItemControllerTests.buildUser(ReportItemControllerTests.java:79)
  15. -> at com.optum.fads.pgp.reportsection.api.controller.ReportItemControllerTests.buildUser(ReportItemControllerTests.java:81)
Please remove unnecessary stubbings or use 'lenient' strictness. More info: javadoc for UnnecessaryStubbingException class.
        at org.mockito.junit.jupiter.MockitoExtension.lambda$afterEach$2(MockitoExtension.java:200)
        at java.base/java.util.Optional.ifPresent(Optional.java:178)
        at org.mockito.junit.jupiter.MockitoExtension.afterEach(MockitoExtension.java:198)
        at java.base/java.util.ArrayList.forEach(ArrayList.java:1511)
        at java.base/java.util.ArrayList.forEach(ArrayList.java:1511)

[INFO]
[INFO] Results:
[INFO]
[ERROR] Errors:
[ERROR]   ReportItemControllerTests.deleteReportItemById_exception_returns400  UnnecessaryStubbing
Unnecessary stubbings detected.
Clean & maintainable test code requires zero unnecessary code.
Following stubbings are unnecessary (click to navigate to relevant line of code):
  1. -> at com.optum.fads.pgp.reportsection.api.controller.ReportItemControllerTests.buildUser(ReportItemControllerTests.java:72)
  2. -> at com.optum.fads.pgp.reportsection.api.controller.ReportItemControllerTests.buildUser(ReportItemControllerTests.java:75)
  3. -> at com.optum.fads.pgp.reportsection.api.controller.ReportItemControllerTests.buildUser(ReportItemControllerTests.java:76)
  4. -> at com.optum.fads.pgp.reportsection.api.controller.ReportItemControllerTests.buildUser(ReportItemControllerTests.java:79)
  5. -> at com.optum.fads.pgp.reportsection.api.controller.ReportItemControllerTests.buildUser(ReportItemControllerTests.java:81)
  6. -> at com.optum.fads.pgp.reportsection.api.controller.ReportItemControllerTests.buildUser(ReportItemControllerTests.java:72)
  7. -> at com.optum.fads.pgp.reportsection.api.controller.ReportItemControllerTests.buildUser(ReportItemControllerTests.java:75)
  8. -> at com.optum.fads.pgp.reportsection.api.controller.ReportItemControllerTests.buildUser(ReportItemControllerTests.java:76)
  9. -> at com.optum.fads.pgp.reportsection.api.controller.ReportItemControllerTests.buildUser(ReportItemControllerTests.java:79)
  10. -> at com.optum.fads.pgp.reportsection.api.controller.ReportItemControllerTests.buildUser(ReportItemControllerTests.java:81)
  11. -> at com.optum.fads.pgp.reportsection.api.controller.ReportItemControllerTests.buildUser(ReportItemControllerTests.java:72)
  12. -> at com.optum.fads.pgp.reportsection.api.controller.ReportItemControllerTests.buildUser(ReportItemControllerTests.java:75)
  13. -> at com.optum.fads.pgp.reportsection.api.controller.ReportItemControllerTests.buildUser(ReportItemControllerTests.java:76)
  14. -> at com.optum.fads.pgp.reportsection.api.controller.ReportItemControllerTests.buildUser(ReportItemControllerTests.java:79)
  15. -> at com.optum.fads.pgp.reportsection.api.controller.ReportItemControllerTests.buildUser(ReportItemControllerTests.java:81)
Please remove unnecessary stubbings or use 'lenient' strictness. More info: javadoc for UnnecessaryStubbingException class.
[ERROR]   ReportItemControllerTests.deleteReportItemById_ok  UnnecessaryStubbing
Unnecessary stubbings detected.
Clean & maintainable test code requires zero unnecessary code.
Following stubbings are unnecessary (click to navigate to relevant line of code):
  1. -> at com.optum.fads.pgp.reportsection.api.controller.ReportItemControllerTests.buildUser(ReportItemControllerTests.java:72)
  2. -> at com.optum.fads.pgp.reportsection.api.controller.ReportItemControllerTests.buildUser(ReportItemControllerTests.java:75)
  3. -> at com.optum.fads.pgp.reportsection.api.controller.ReportItemControllerTests.buildUser(ReportItemControllerTests.java:76)
  4. -> at com.optum.fads.pgp.reportsection.api.controller.ReportItemControllerTests.buildUser(ReportItemControllerTests.java:79)
  5. -> at com.optum.fads.pgp.reportsection.api.controller.ReportItemControllerTests.buildUser(ReportItemControllerTests.java:81)
  6. -> at com.optum.fads.pgp.reportsection.api.controller.ReportItemControllerTests.buildUser(ReportItemControllerTests.java:72)
  7. -> at com.optum.fads.pgp.reportsection.api.controller.ReportItemControllerTests.buildUser(ReportItemControllerTests.java:75)
  8. -> at com.optum.fads.pgp.reportsection.api.controller.ReportItemControllerTests.buildUser(ReportItemControllerTests.java:76)
  9. -> at com.optum.fads.pgp.reportsection.api.controller.ReportItemControllerTests.buildUser(ReportItemControllerTests.java:79)
  10. -> at com.optum.fads.pgp.reportsection.api.controller.ReportItemControllerTests.buildUser(ReportItemControllerTests.java:81)
  11. -> at com.optum.fads.pgp.reportsection.api.controller.ReportItemControllerTests.buildUser(ReportItemControllerTests.java:72)
  12. -> at com.optum.fads.pgp.reportsection.api.controller.ReportItemControllerTests.buildUser(ReportItemControllerTests.java:75)
  13. -> at com.optum.fads.pgp.reportsection.api.controller.ReportItemControllerTests.buildUser(ReportItemControllerTests.java:76)
  14. -> at com.optum.fads.pgp.reportsection.api.controller.ReportItemControllerTests.buildUser(ReportItemControllerTests.java:79)
  15. -> at com.optum.fads.pgp.reportsection.api.controller.ReportItemControllerTests.buildUser(ReportItemControllerTests.java:81)
Please remove unnecessary stubbings or use 'lenient' strictness. More info: javadoc for UnnecessaryStubbingException class.
[ERROR]   ReportItemControllerTests.getAvailableBehaviors_exception_returns400  UnnecessaryStubbing
Unnecessary stubbings detected.
Clean & maintainable test code requires zero unnecessary code.
Following stubbings are unnecessary (click to navigate to relevant line of code):
  1. -> at com.optum.fads.pgp.reportsection.api.controller.ReportItemControllerTests.buildUser(ReportItemControllerTests.java:72)
  2. -> at com.optum.fads.pgp.reportsection.api.controller.ReportItemControllerTests.buildUser(ReportItemControllerTests.java:75)
  3. -> at com.optum.fads.pgp.reportsection.api.controller.ReportItemControllerTests.buildUser(ReportItemControllerTests.java:76)
  4. -> at com.optum.fads.pgp.reportsection.api.controller.ReportItemControllerTests.buildUser(ReportItemControllerTests.java:79)
  5. -> at com.optum.fads.pgp.reportsection.api.controller.ReportItemControllerTests.buildUser(ReportItemControllerTests.java:81)
  6. -> at com.optum.fads.pgp.reportsection.api.controller.ReportItemControllerTests.buildUser(ReportItemControllerTests.java:72)
  7. -> at com.optum.fads.pgp.reportsection.api.controller.ReportItemControllerTests.buildUser(ReportItemControllerTests.java:75)
  8. -> at com.optum.fads.pgp.reportsection.api.controller.ReportItemControllerTests.buildUser(ReportItemControllerTests.java:76)
  9. -> at com.optum.fads.pgp.reportsection.api.controller.ReportItemControllerTests.buildUser(ReportItemControllerTests.java:79)
  10. -> at com.optum.fads.pgp.reportsection.api.controller.ReportItemControllerTests.buildUser(ReportItemControllerTests.java:81)
  11. -> at com.optum.fads.pgp.reportsection.api.controller.ReportItemControllerTests.buildUser(ReportItemControllerTests.java:72)
  12. -> at com.optum.fads.pgp.reportsection.api.controller.ReportItemControllerTests.buildUser(ReportItemControllerTests.java:75)
  13. -> at com.optum.fads.pgp.reportsection.api.controller.ReportItemControllerTests.buildUser(ReportItemControllerTests.java:76)
  14. -> at com.optum.fads.pgp.reportsection.api.controller.ReportItemControllerTests.buildUser(ReportItemControllerTests.java:79)
  15. -> at com.optum.fads.pgp.reportsection.api.controller.ReportItemControllerTests.buildUser(ReportItemControllerTests.java:81)
Please remove unnecessary stubbings or use 'lenient' strictness. More info: javadoc for UnnecessaryStubbingException class.
[ERROR]   ReportItemControllerTests.getAvailableBehaviors_ok  UnnecessaryStubbing
Unnecessary stubbings detected.
Clean & maintainable test code requires zero unnecessary code.
Following stubbings are unnecessary (click to navigate to relevant line of code):
  1. -> at com.optum.fads.pgp.reportsection.api.controller.ReportItemControllerTests.buildUser(ReportItemControllerTests.java:72)
  2. -> at com.optum.fads.pgp.reportsection.api.controller.ReportItemControllerTests.buildUser(ReportItemControllerTests.java:75)
  3. -> at com.optum.fads.pgp.reportsection.api.controller.ReportItemControllerTests.buildUser(ReportItemControllerTests.java:76)
  4. -> at com.optum.fads.pgp.reportsection.api.controller.ReportItemControllerTests.buildUser(ReportItemControllerTests.java:79)
  5. -> at com.optum.fads.pgp.reportsection.api.controller.ReportItemControllerTests.buildUser(ReportItemControllerTests.java:81)
  6. -> at com.optum.fads.pgp.reportsection.api.controller.ReportItemControllerTests.buildUser(ReportItemControllerTests.java:72)
  7. -> at com.optum.fads.pgp.reportsection.api.controller.ReportItemControllerTests.buildUser(ReportItemControllerTests.java:75)
  8. -> at com.optum.fads.pgp.reportsection.api.controller.ReportItemControllerTests.buildUser(ReportItemControllerTests.java:76)
  9. -> at com.optum.fads.pgp.reportsection.api.controller.ReportItemControllerTests.buildUser(ReportItemControllerTests.java:79)
  10. -> at com.optum.fads.pgp.reportsection.api.controller.ReportItemControllerTests.buildUser(ReportItemControllerTests.java:81)
  11. -> at com.optum.fads.pgp.reportsection.api.controller.ReportItemControllerTests.buildUser(ReportItemControllerTests.java:72)
  12. -> at com.optum.fads.pgp.reportsection.api.controller.ReportItemControllerTests.buildUser(ReportItemControllerTests.java:75)
  13. -> at com.optum.fads.pgp.reportsection.api.controller.ReportItemControllerTests.buildUser(ReportItemControllerTests.java:76)
  14. -> at com.optum.fads.pgp.reportsection.api.controller.ReportItemControllerTests.buildUser(ReportItemControllerTests.java:79)
  15. -> at com.optum.fads.pgp.reportsection.api.controller.ReportItemControllerTests.buildUser(ReportItemControllerTests.java:81)
Please remove unnecessary stubbings or use 'lenient' strictness. More info: javadoc for UnnecessaryStubbingException class.
[ERROR]   ReportItemControllerTests.getMyReportItems_addsUserSystemIdFilter_ok  UnnecessaryStubbing
Unnecessary stubbings detected.
Clean & maintainable test code requires zero unnecessary code.
Following stubbings are unnecessary (click to navigate to relevant line of code):
  1. -> at com.optum.fads.pgp.reportsection.api.controller.ReportItemControllerTests.buildUser(ReportItemControllerTests.java:75)
  2. -> at com.optum.fads.pgp.reportsection.api.controller.ReportItemControllerTests.buildUser(ReportItemControllerTests.java:76)
  3. -> at com.optum.fads.pgp.reportsection.api.controller.ReportItemControllerTests.buildUser(ReportItemControllerTests.java:79)
  4. -> at com.optum.fads.pgp.reportsection.api.controller.ReportItemControllerTests.buildUser(ReportItemControllerTests.java:81)
  5. -> at com.optum.fads.pgp.reportsection.api.controller.ReportItemControllerTests.buildUser(ReportItemControllerTests.java:72)
  6. -> at com.optum.fads.pgp.reportsection.api.controller.ReportItemControllerTests.buildUser(ReportItemControllerTests.java:75)
  7. -> at com.optum.fads.pgp.reportsection.api.controller.ReportItemControllerTests.buildUser(ReportItemControllerTests.java:76)
  8. -> at com.optum.fads.pgp.reportsection.api.controller.ReportItemControllerTests.buildUser(ReportItemControllerTests.java:79)
  9. -> at com.optum.fads.pgp.reportsection.api.controller.ReportItemControllerTests.buildUser(ReportItemControllerTests.java:81)
  10. -> at com.optum.fads.pgp.reportsection.api.controller.ReportItemControllerTests.buildUser(ReportItemControllerTests.java:72)
  11. -> at com.optum.fads.pgp.reportsection.api.controller.ReportItemControllerTests.buildUser(ReportItemControllerTests.java:75)
  12. -> at com.optum.fads.pgp.reportsection.api.controller.ReportItemControllerTests.buildUser(ReportItemControllerTests.java:76)
  13. -> at com.optum.fads.pgp.reportsection.api.controller.ReportItemControllerTests.buildUser(ReportItemControllerTests.java:79)
  14. -> at com.optum.fads.pgp.reportsection.api.controller.ReportItemControllerTests.buildUser(ReportItemControllerTests.java:81)
Please remove unnecessary stubbings or use 'lenient' strictness. More info: javadoc for UnnecessaryStubbingException class.
[ERROR]   ReportItemControllerTests.getMyReportItems_exception_returns400  UnnecessaryStubbing
Unnecessary stubbings detected.
Clean & maintainable test code requires zero unnecessary code.
Following stubbings are unnecessary (click to navigate to relevant line of code):
  1. -> at com.optum.fads.pgp.reportsection.api.controller.ReportItemControllerTests.buildUser(ReportItemControllerTests.java:75)
  2. -> at com.optum.fads.pgp.reportsection.api.controller.ReportItemControllerTests.buildUser(ReportItemControllerTests.java:76)
  3. -> at com.optum.fads.pgp.reportsection.api.controller.ReportItemControllerTests.buildUser(ReportItemControllerTests.java:79)
  4. -> at com.optum.fads.pgp.reportsection.api.controller.ReportItemControllerTests.buildUser(ReportItemControllerTests.java:81)
  5. -> at com.optum.fads.pgp.reportsection.api.controller.ReportItemControllerTests.buildUser(ReportItemControllerTests.java:72)
  6. -> at com.optum.fads.pgp.reportsection.api.controller.ReportItemControllerTests.buildUser(ReportItemControllerTests.java:75)
  7. -> at com.optum.fads.pgp.reportsection.api.controller.ReportItemControllerTests.buildUser(ReportItemControllerTests.java:76)
  8. -> at com.optum.fads.pgp.reportsection.api.controller.ReportItemControllerTests.buildUser(ReportItemControllerTests.java:79)
  9. -> at com.optum.fads.pgp.reportsection.api.controller.ReportItemControllerTests.buildUser(ReportItemControllerTests.java:81)
  10. -> at com.optum.fads.pgp.reportsection.api.controller.ReportItemControllerTests.buildUser(ReportItemControllerTests.java:72)
  11. -> at com.optum.fads.pgp.reportsection.api.controller.ReportItemControllerTests.buildUser(ReportItemControllerTests.java:75)
  12. -> at com.optum.fads.pgp.reportsection.api.controller.ReportItemControllerTests.buildUser(ReportItemControllerTests.java:76)
  13. -> at com.optum.fads.pgp.reportsection.api.controller.ReportItemControllerTests.buildUser(ReportItemControllerTests.java:79)
  14. -> at com.optum.fads.pgp.reportsection.api.controller.ReportItemControllerTests.buildUser(ReportItemControllerTests.java:81)
Please remove unnecessary stubbings or use 'lenient' strictness. More info: javadoc for UnnecessaryStubbingException class.
[ERROR]   ReportItemControllerTests.getReportItemById_exception_returns400  UnnecessaryStubbing
Unnecessary stubbings detected.
Clean & maintainable test code requires zero unnecessary code.
Following stubbings are unnecessary (click to navigate to relevant line of code):
  1. -> at com.optum.fads.pgp.reportsection.api.controller.ReportItemControllerTests.buildUser(ReportItemControllerTests.java:72)
  2. -> at com.optum.fads.pgp.reportsection.api.controller.ReportItemControllerTests.buildUser(ReportItemControllerTests.java:75)
  3. -> at com.optum.fads.pgp.reportsection.api.controller.ReportItemControllerTests.buildUser(ReportItemControllerTests.java:76)
  4. -> at com.optum.fads.pgp.reportsection.api.controller.ReportItemControllerTests.buildUser(ReportItemControllerTests.java:79)
  5. -> at com.optum.fads.pgp.reportsection.api.controller.ReportItemControllerTests.buildUser(ReportItemControllerTests.java:81)
  6. -> at com.optum.fads.pgp.reportsection.api.controller.ReportItemControllerTests.buildUser(ReportItemControllerTests.java:72)
  7. -> at com.optum.fads.pgp.reportsection.api.controller.ReportItemControllerTests.buildUser(ReportItemControllerTests.java:75)
  8. -> at com.optum.fads.pgp.reportsection.api.controller.ReportItemControllerTests.buildUser(ReportItemControllerTests.java:76)
  9. -> at com.optum.fads.pgp.reportsection.api.controller.ReportItemControllerTests.buildUser(ReportItemControllerTests.java:79)
  10. -> at com.optum.fads.pgp.reportsection.api.controller.ReportItemControllerTests.buildUser(ReportItemControllerTests.java:81)
  11. -> at com.optum.fads.pgp.reportsection.api.controller.ReportItemControllerTests.buildUser(ReportItemControllerTests.java:72)
  12. -> at com.optum.fads.pgp.reportsection.api.controller.ReportItemControllerTests.buildUser(ReportItemControllerTests.java:75)
  13. -> at com.optum.fads.pgp.reportsection.api.controller.ReportItemControllerTests.buildUser(ReportItemControllerTests.java:76)
  14. -> at com.optum.fads.pgp.reportsection.api.controller.ReportItemControllerTests.buildUser(ReportItemControllerTests.java:79)
  15. -> at com.optum.fads.pgp.reportsection.api.controller.ReportItemControllerTests.buildUser(ReportItemControllerTests.java:81)
Please remove unnecessary stubbings or use 'lenient' strictness. More info: javadoc for UnnecessaryStubbingException class.
[ERROR]   ReportItemControllerTests.getReportItemById_ok  UnnecessaryStubbing
Unnecessary stubbings detected.
Clean & maintainable test code requires zero unnecessary code.
Following stubbings are unnecessary (click to navigate to relevant line of code):
  1. -> at com.optum.fads.pgp.reportsection.api.controller.ReportItemControllerTests.buildUser(ReportItemControllerTests.java:72)
  2. -> at com.optum.fads.pgp.reportsection.api.controller.ReportItemControllerTests.buildUser(ReportItemControllerTests.java:75)
  3. -> at com.optum.fads.pgp.reportsection.api.controller.ReportItemControllerTests.buildUser(ReportItemControllerTests.java:76)
  4. -> at com.optum.fads.pgp.reportsection.api.controller.ReportItemControllerTests.buildUser(ReportItemControllerTests.java:79)
  5. -> at com.optum.fads.pgp.reportsection.api.controller.ReportItemControllerTests.buildUser(ReportItemControllerTests.java:81)
  6. -> at com.optum.fads.pgp.reportsection.api.controller.ReportItemControllerTests.buildUser(ReportItemControllerTests.java:72)
  7. -> at com.optum.fads.pgp.reportsection.api.controller.ReportItemControllerTests.buildUser(ReportItemControllerTests.java:75)
  8. -> at com.optum.fads.pgp.reportsection.api.controller.ReportItemControllerTests.buildUser(ReportItemControllerTests.java:76)
  9. -> at com.optum.fads.pgp.reportsection.api.controller.ReportItemControllerTests.buildUser(ReportItemControllerTests.java:79)
  10. -> at com.optum.fads.pgp.reportsection.api.controller.ReportItemControllerTests.buildUser(ReportItemControllerTests.java:81)
  11. -> at com.optum.fads.pgp.reportsection.api.controller.ReportItemControllerTests.buildUser(ReportItemControllerTests.java:72)
  12. -> at com.optum.fads.pgp.reportsection.api.controller.ReportItemControllerTests.buildUser(ReportItemControllerTests.java:75)
  13. -> at com.optum.fads.pgp.reportsection.api.controller.ReportItemControllerTests.buildUser(ReportItemControllerTests.java:76)
  14. -> at com.optum.fads.pgp.reportsection.api.controller.ReportItemControllerTests.buildUser(ReportItemControllerTests.java:79)
  15. -> at com.optum.fads.pgp.reportsection.api.controller.ReportItemControllerTests.buildUser(ReportItemControllerTests.java:81)
Please remove unnecessary stubbings or use 'lenient' strictness. More info: javadoc for UnnecessaryStubbingException class.
[ERROR]   ReportItemControllerTests.getReportItems_exception_returns400  UnnecessaryStubbing
Unnecessary stubbings detected.
Clean & maintainable test code requires zero unnecessary code.
Following stubbings are unnecessary (click to navigate to relevant line of code):
  1. -> at com.optum.fads.pgp.reportsection.api.controller.ReportItemControllerTests.buildUser(ReportItemControllerTests.java:72)
  2. -> at com.optum.fads.pgp.reportsection.api.controller.ReportItemControllerTests.buildUser(ReportItemControllerTests.java:75)
  3. -> at com.optum.fads.pgp.reportsection.api.controller.ReportItemControllerTests.buildUser(ReportItemControllerTests.java:76)
  4. -> at com.optum.fads.pgp.reportsection.api.controller.ReportItemControllerTests.buildUser(ReportItemControllerTests.java:79)
  5. -> at com.optum.fads.pgp.reportsection.api.controller.ReportItemControllerTests.buildUser(ReportItemControllerTests.java:81)
  6. -> at com.optum.fads.pgp.reportsection.api.controller.ReportItemControllerTests.buildUser(ReportItemControllerTests.java:72)
  7. -> at com.optum.fads.pgp.reportsection.api.controller.ReportItemControllerTests.buildUser(ReportItemControllerTests.java:75)
  8. -> at com.optum.fads.pgp.reportsection.api.controller.ReportItemControllerTests.buildUser(ReportItemControllerTests.java:76)
  9. -> at com.optum.fads.pgp.reportsection.api.controller.ReportItemControllerTests.buildUser(ReportItemControllerTests.java:79)
  10. -> at com.optum.fads.pgp.reportsection.api.controller.ReportItemControllerTests.buildUser(ReportItemControllerTests.java:81)
  11. -> at com.optum.fads.pgp.reportsection.api.controller.ReportItemControllerTests.buildUser(ReportItemControllerTests.java:72)
  12. -> at com.optum.fads.pgp.reportsection.api.controller.ReportItemControllerTests.buildUser(ReportItemControllerTests.java:75)
  13. -> at com.optum.fads.pgp.reportsection.api.controller.ReportItemControllerTests.buildUser(ReportItemControllerTests.java:76)
  14. -> at com.optum.fads.pgp.reportsection.api.controller.ReportItemControllerTests.buildUser(ReportItemControllerTests.java:79)
  15. -> at com.optum.fads.pgp.reportsection.api.controller.ReportItemControllerTests.buildUser(ReportItemControllerTests.java:81)
Please remove unnecessary stubbings or use 'lenient' strictness. More info: javadoc for UnnecessaryStubbingException class.
[ERROR]   ReportItemControllerTests.getReportItems_ok  UnnecessaryStubbing
Unnecessary stubbings detected.
Clean & maintainable test code requires zero unnecessary code.
Following stubbings are unnecessary (click to navigate to relevant line of code):
  1. -> at com.optum.fads.pgp.reportsection.api.controller.ReportItemControllerTests.buildUser(ReportItemControllerTests.java:72)
  2. -> at com.optum.fads.pgp.reportsection.api.controller.ReportItemControllerTests.buildUser(ReportItemControllerTests.java:75)
  3. -> at com.optum.fads.pgp.reportsection.api.controller.ReportItemControllerTests.buildUser(ReportItemControllerTests.java:76)
  4. -> at com.optum.fads.pgp.reportsection.api.controller.ReportItemControllerTests.buildUser(ReportItemControllerTests.java:79)
  5. -> at com.optum.fads.pgp.reportsection.api.controller.ReportItemControllerTests.buildUser(ReportItemControllerTests.java:81)
  6. -> at com.optum.fads.pgp.reportsection.api.controller.ReportItemControllerTests.buildUser(ReportItemControllerTests.java:72)
  7. -> at com.optum.fads.pgp.reportsection.api.controller.ReportItemControllerTests.buildUser(ReportItemControllerTests.java:75)
  8. -> at com.optum.fads.pgp.reportsection.api.controller.ReportItemControllerTests.buildUser(ReportItemControllerTests.java:76)
  9. -> at com.optum.fads.pgp.reportsection.api.controller.ReportItemControllerTests.buildUser(ReportItemControllerTests.java:79)
  10. -> at com.optum.fads.pgp.reportsection.api.controller.ReportItemControllerTests.buildUser(ReportItemControllerTests.java:81)
  11. -> at com.optum.fads.pgp.reportsection.api.controller.ReportItemControllerTests.buildUser(ReportItemControllerTests.java:72)
  12. -> at com.optum.fads.pgp.reportsection.api.controller.ReportItemControllerTests.buildUser(ReportItemControllerTests.java:75)
  13. -> at com.optum.fads.pgp.reportsection.api.controller.ReportItemControllerTests.buildUser(ReportItemControllerTests.java:76)
  14. -> at com.optum.fads.pgp.reportsection.api.controller.ReportItemControllerTests.buildUser(ReportItemControllerTests.java:79)
  15. -> at com.optum.fads.pgp.reportsection.api.controller.ReportItemControllerTests.buildUser(ReportItemControllerTests.java:81)
Please remove unnecessary stubbings or use 'lenient' strictness. More info: javadoc for UnnecessaryStubbingException class.
[ERROR]   ReportItemControllerTests.getSelectedBehaviors_exception_returns400  UnnecessaryStubbing
Unnecessary stubbings detected.
Clean & maintainable test code requires zero unnecessary code.
Following stubbings are unnecessary (click to navigate to relevant line of code):
  1. -> at com.optum.fads.pgp.reportsection.api.controller.ReportItemControllerTests.buildUser(ReportItemControllerTests.java:72)
  2. -> at com.optum.fads.pgp.reportsection.api.controller.ReportItemControllerTests.buildUser(ReportItemControllerTests.java:75)
  3. -> at com.optum.fads.pgp.reportsection.api.controller.ReportItemControllerTests.buildUser(ReportItemControllerTests.java:76)
  4. -> at com.optum.fads.pgp.reportsection.api.controller.ReportItemControllerTests.buildUser(ReportItemControllerTests.java:79)
  5. -> at com.optum.fads.pgp.reportsection.api.controller.ReportItemControllerTests.buildUser(ReportItemControllerTests.java:81)
  6. -> at com.optum.fads.pgp.reportsection.api.controller.ReportItemControllerTests.buildUser(ReportItemControllerTests.java:72)
  7. -> at com.optum.fads.pgp.reportsection.api.controller.ReportItemControllerTests.buildUser(ReportItemControllerTests.java:75)
  8. -> at com.optum.fads.pgp.reportsection.api.controller.ReportItemControllerTests.buildUser(ReportItemControllerTests.java:76)
  9. -> at com.optum.fads.pgp.reportsection.api.controller.ReportItemControllerTests.buildUser(ReportItemControllerTests.java:79)
  10. -> at com.optum.fads.pgp.reportsection.api.controller.ReportItemControllerTests.buildUser(ReportItemControllerTests.java:81)
  11. -> at com.optum.fads.pgp.reportsection.api.controller.ReportItemControllerTests.buildUser(ReportItemControllerTests.java:72)
  12. -> at com.optum.fads.pgp.reportsection.api.controller.ReportItemControllerTests.buildUser(ReportItemControllerTests.java:75)
  13. -> at com.optum.fads.pgp.reportsection.api.controller.ReportItemControllerTests.buildUser(ReportItemControllerTests.java:76)
  14. -> at com.optum.fads.pgp.reportsection.api.controller.ReportItemControllerTests.buildUser(ReportItemControllerTests.java:79)
  15. -> at com.optum.fads.pgp.reportsection.api.controller.ReportItemControllerTests.buildUser(ReportItemControllerTests.java:81)
Please remove unnecessary stubbings or use 'lenient' strictness. More info: javadoc for UnnecessaryStubbingException class.
[ERROR]   ReportItemControllerTests.getSelectedBehaviors_ok  UnnecessaryStubbing
Unnecessary stubbings detected.
Clean & maintainable test code requires zero unnecessary code.
Following stubbings are unnecessary (click to navigate to relevant line of code):
  1. -> at com.optum.fads.pgp.reportsection.api.controller.ReportItemControllerTests.buildUser(ReportItemControllerTests.java:72)
  2. -> at com.optum.fads.pgp.reportsection.api.controller.ReportItemControllerTests.buildUser(ReportItemControllerTests.java:75)
  3. -> at com.optum.fads.pgp.reportsection.api.controller.ReportItemControllerTests.buildUser(ReportItemControllerTests.java:76)
  4. -> at com.optum.fads.pgp.reportsection.api.controller.ReportItemControllerTests.buildUser(ReportItemControllerTests.java:79)
  5. -> at com.optum.fads.pgp.reportsection.api.controller.ReportItemControllerTests.buildUser(ReportItemControllerTests.java:81)
  6. -> at com.optum.fads.pgp.reportsection.api.controller.ReportItemControllerTests.buildUser(ReportItemControllerTests.java:72)
  7. -> at com.optum.fads.pgp.reportsection.api.controller.ReportItemControllerTests.buildUser(ReportItemControllerTests.java:75)
  8. -> at com.optum.fads.pgp.reportsection.api.controller.ReportItemControllerTests.buildUser(ReportItemControllerTests.java:76)
  9. -> at com.optum.fads.pgp.reportsection.api.controller.ReportItemControllerTests.buildUser(ReportItemControllerTests.java:79)
  10. -> at com.optum.fads.pgp.reportsection.api.controller.ReportItemControllerTests.buildUser(ReportItemControllerTests.java:81)
  11. -> at com.optum.fads.pgp.reportsection.api.controller.ReportItemControllerTests.buildUser(ReportItemControllerTests.java:72)
  12. -> at com.optum.fads.pgp.reportsection.api.controller.ReportItemControllerTests.buildUser(ReportItemControllerTests.java:75)
  13. -> at com.optum.fads.pgp.reportsection.api.controller.ReportItemControllerTests.buildUser(ReportItemControllerTests.java:76)
  14. -> at com.optum.fads.pgp.reportsection.api.controller.ReportItemControllerTests.buildUser(ReportItemControllerTests.java:79)
  15. -> at com.optum.fads.pgp.reportsection.api.controller.ReportItemControllerTests.buildUser(ReportItemControllerTests.java:81)
Please remove unnecessary stubbings or use 'lenient' strictness. More info: javadoc for UnnecessaryStubbingException class.
[ERROR]   ReportItemControllerTests.newReportItem_accessA_created  UnnecessaryStubbing
Unnecessary stubbings detected.
Clean & maintainable test code requires zero unnecessary code.
Following stubbings are unnecessary (click to navigate to relevant line of code):
  1. -> at com.optum.fads.pgp.reportsection.api.controller.ReportItemControllerTests.buildUser(ReportItemControllerTests.java:72)
  2. -> at com.optum.fads.pgp.reportsection.api.controller.ReportItemControllerTests.buildUser(ReportItemControllerTests.java:75)
  3. -> at com.optum.fads.pgp.reportsection.api.controller.ReportItemControllerTests.buildUser(ReportItemControllerTests.java:76)
  4. -> at com.optum.fads.pgp.reportsection.api.controller.ReportItemControllerTests.buildUser(ReportItemControllerTests.java:79)
  5. -> at com.optum.fads.pgp.reportsection.api.controller.ReportItemControllerTests.buildUser(ReportItemControllerTests.java:81)
  6. -> at com.optum.fads.pgp.reportsection.api.controller.ReportItemControllerTests.buildUser(ReportItemControllerTests.java:72)
  7. -> at com.optum.fads.pgp.reportsection.api.controller.ReportItemControllerTests.buildUser(ReportItemControllerTests.java:75)
  8. -> at com.optum.fads.pgp.reportsection.api.controller.ReportItemControllerTests.buildUser(ReportItemControllerTests.java:76)
  9. -> at com.optum.fads.pgp.reportsection.api.controller.ReportItemControllerTests.buildUser(ReportItemControllerTests.java:79)
  10. -> at com.optum.fads.pgp.reportsection.api.controller.ReportItemControllerTests.buildUser(ReportItemControllerTests.java:81)
Please remove unnecessary stubbings or use 'lenient' strictness. More info: javadoc for UnnecessaryStubbingException class.
[ERROR]   ReportItemControllerTests.newReportItem_accessB_created  UnnecessaryStubbing
Unnecessary stubbings detected.
Clean & maintainable test code requires zero unnecessary code.
Following stubbings are unnecessary (click to navigate to relevant line of code):
  1. -> at com.optum.fads.pgp.reportsection.api.controller.ReportItemControllerTests.buildUser(ReportItemControllerTests.java:72)
  2. -> at com.optum.fads.pgp.reportsection.api.controller.ReportItemControllerTests.buildUser(ReportItemControllerTests.java:75)
  3. -> at com.optum.fads.pgp.reportsection.api.controller.ReportItemControllerTests.buildUser(ReportItemControllerTests.java:76)
  4. -> at com.optum.fads.pgp.reportsection.api.controller.ReportItemControllerTests.buildUser(ReportItemControllerTests.java:79)
  5. -> at com.optum.fads.pgp.reportsection.api.controller.ReportItemControllerTests.buildUser(ReportItemControllerTests.java:81)
  6. -> at com.optum.fads.pgp.reportsection.api.controller.ReportItemControllerTests.buildUser(ReportItemControllerTests.java:72)
  7. -> at com.optum.fads.pgp.reportsection.api.controller.ReportItemControllerTests.buildUser(ReportItemControllerTests.java:75)
  8. -> at com.optum.fads.pgp.reportsection.api.controller.ReportItemControllerTests.buildUser(ReportItemControllerTests.java:76)
  9. -> at com.optum.fads.pgp.reportsection.api.controller.ReportItemControllerTests.buildUser(ReportItemControllerTests.java:79)
  10. -> at com.optum.fads.pgp.reportsection.api.controller.ReportItemControllerTests.buildUser(ReportItemControllerTests.java:81)
Please remove unnecessary stubbings or use 'lenient' strictness. More info: javadoc for UnnecessaryStubbingException class.
[ERROR]   ReportItemControllerTests.newReportItem_exception_returns400  UnnecessaryStubbing
Unnecessary stubbings detected.
Clean & maintainable test code requires zero unnecessary code.
Following stubbings are unnecessary (click to navigate to relevant line of code):
  1. -> at com.optum.fads.pgp.reportsection.api.controller.ReportItemControllerTests.buildUser(ReportItemControllerTests.java:72)
  2. -> at com.optum.fads.pgp.reportsection.api.controller.ReportItemControllerTests.buildUser(ReportItemControllerTests.java:75)
  3. -> at com.optum.fads.pgp.reportsection.api.controller.ReportItemControllerTests.buildUser(ReportItemControllerTests.java:76)
  4. -> at com.optum.fads.pgp.reportsection.api.controller.ReportItemControllerTests.buildUser(ReportItemControllerTests.java:79)
  5. -> at com.optum.fads.pgp.reportsection.api.controller.ReportItemControllerTests.buildUser(ReportItemControllerTests.java:81)
  6. -> at com.optum.fads.pgp.reportsection.api.controller.ReportItemControllerTests.buildUser(ReportItemControllerTests.java:72)
  7. -> at com.optum.fads.pgp.reportsection.api.controller.ReportItemControllerTests.buildUser(ReportItemControllerTests.java:75)
  8. -> at com.optum.fads.pgp.reportsection.api.controller.ReportItemControllerTests.buildUser(ReportItemControllerTests.java:76)
  9. -> at com.optum.fads.pgp.reportsection.api.controller.ReportItemControllerTests.buildUser(ReportItemControllerTests.java:79)
  10. -> at com.optum.fads.pgp.reportsection.api.controller.ReportItemControllerTests.buildUser(ReportItemControllerTests.java:81)
Please remove unnecessary stubbings or use 'lenient' strictness. More info: javadoc for UnnecessaryStubbingException class.
[ERROR]   ReportItemControllerTests.newReportItem_noAccess_forbidden  UnnecessaryStubbing
Unnecessary stubbings detected.
Clean & maintainable test code requires zero unnecessary code.
Following stubbings are unnecessary (click to navigate to relevant line of code):
  1. -> at com.optum.fads.pgp.reportsection.api.controller.ReportItemControllerTests.buildUser(ReportItemControllerTests.java:72)
  2. -> at com.optum.fads.pgp.reportsection.api.controller.ReportItemControllerTests.buildUser(ReportItemControllerTests.java:75)
  3. -> at com.optum.fads.pgp.reportsection.api.controller.ReportItemControllerTests.buildUser(ReportItemControllerTests.java:76)
  4. -> at com.optum.fads.pgp.reportsection.api.controller.ReportItemControllerTests.buildUser(ReportItemControllerTests.java:79)
  5. -> at com.optum.fads.pgp.reportsection.api.controller.ReportItemControllerTests.buildUser(ReportItemControllerTests.java:81)
  6. -> at com.optum.fads.pgp.reportsection.api.controller.ReportItemControllerTests.buildUser(ReportItemControllerTests.java:72)
  7. -> at com.optum.fads.pgp.reportsection.api.controller.ReportItemControllerTests.buildUser(ReportItemControllerTests.java:75)
  8. -> at com.optum.fads.pgp.reportsection.api.controller.ReportItemControllerTests.buildUser(ReportItemControllerTests.java:76)
  9. -> at com.optum.fads.pgp.reportsection.api.controller.ReportItemControllerTests.buildUser(ReportItemControllerTests.java:79)
  10. -> at com.optum.fads.pgp.reportsection.api.controller.ReportItemControllerTests.buildUser(ReportItemControllerTests.java:81)
Please remove unnecessary stubbings or use 'lenient' strictness. More info: javadoc for UnnecessaryStubbingException class.
[ERROR]   ReportItemControllerTests.updateReportItem_accessA_ok  UnnecessaryStubbing
Unnecessary stubbings detected.
Clean & maintainable test code requires zero unnecessary code.
Following stubbings are unnecessary (click to navigate to relevant line of code):
  1. -> at com.optum.fads.pgp.reportsection.api.controller.ReportItemControllerTests.buildUser(ReportItemControllerTests.java:72)
  2. -> at com.optum.fads.pgp.reportsection.api.controller.ReportItemControllerTests.buildUser(ReportItemControllerTests.java:75)
  3. -> at com.optum.fads.pgp.reportsection.api.controller.ReportItemControllerTests.buildUser(ReportItemControllerTests.java:76)
  4. -> at com.optum.fads.pgp.reportsection.api.controller.ReportItemControllerTests.buildUser(ReportItemControllerTests.java:79)
  5. -> at com.optum.fads.pgp.reportsection.api.controller.ReportItemControllerTests.buildUser(ReportItemControllerTests.java:81)
  6. -> at com.optum.fads.pgp.reportsection.api.controller.ReportItemControllerTests.buildUser(ReportItemControllerTests.java:72)
  7. -> at com.optum.fads.pgp.reportsection.api.controller.ReportItemControllerTests.buildUser(ReportItemControllerTests.java:75)
  8. -> at com.optum.fads.pgp.reportsection.api.controller.ReportItemControllerTests.buildUser(ReportItemControllerTests.java:76)
  9. -> at com.optum.fads.pgp.reportsection.api.controller.ReportItemControllerTests.buildUser(ReportItemControllerTests.java:79)
  10. -> at com.optum.fads.pgp.reportsection.api.controller.ReportItemControllerTests.buildUser(ReportItemControllerTests.java:81)
Please remove unnecessary stubbings or use 'lenient' strictness. More info: javadoc for UnnecessaryStubbingException class.
[ERROR]   ReportItemControllerTests.updateReportItem_accessB_notOwner_forbidden  UnnecessaryStubbing
Unnecessary stubbings detected.
Clean & maintainable test code requires zero unnecessary code.
Following stubbings are unnecessary (click to navigate to relevant line of code):
  1. -> at com.optum.fads.pgp.reportsection.api.controller.ReportItemControllerTests.buildUser(ReportItemControllerTests.java:72)
  2. -> at com.optum.fads.pgp.reportsection.api.controller.ReportItemControllerTests.buildUser(ReportItemControllerTests.java:75)
  3. -> at com.optum.fads.pgp.reportsection.api.controller.ReportItemControllerTests.buildUser(ReportItemControllerTests.java:76)
  4. -> at com.optum.fads.pgp.reportsection.api.controller.ReportItemControllerTests.buildUser(ReportItemControllerTests.java:79)
  5. -> at com.optum.fads.pgp.reportsection.api.controller.ReportItemControllerTests.buildUser(ReportItemControllerTests.java:81)
  6. -> at com.optum.fads.pgp.reportsection.api.controller.ReportItemControllerTests.buildUser(ReportItemControllerTests.java:72)
  7. -> at com.optum.fads.pgp.reportsection.api.controller.ReportItemControllerTests.buildUser(ReportItemControllerTests.java:75)
  8. -> at com.optum.fads.pgp.reportsection.api.controller.ReportItemControllerTests.buildUser(ReportItemControllerTests.java:76)
  9. -> at com.optum.fads.pgp.reportsection.api.controller.ReportItemControllerTests.buildUser(ReportItemControllerTests.java:79)
  10. -> at com.optum.fads.pgp.reportsection.api.controller.ReportItemControllerTests.buildUser(ReportItemControllerTests.java:81)
Please remove unnecessary stubbings or use 'lenient' strictness. More info: javadoc for UnnecessaryStubbingException class.
[ERROR]   ReportItemControllerTests.updateReportItem_accessB_owner_ok  UnnecessaryStubbing
Unnecessary stubbings detected.
Clean & maintainable test code requires zero unnecessary code.
Following stubbings are unnecessary (click to navigate to relevant line of code):
  1. -> at com.optum.fads.pgp.reportsection.api.controller.ReportItemControllerTests.buildUser(ReportItemControllerTests.java:72)
  2. -> at com.optum.fads.pgp.reportsection.api.controller.ReportItemControllerTests.buildUser(ReportItemControllerTests.java:75)
  3. -> at com.optum.fads.pgp.reportsection.api.controller.ReportItemControllerTests.buildUser(ReportItemControllerTests.java:76)
  4. -> at com.optum.fads.pgp.reportsection.api.controller.ReportItemControllerTests.buildUser(ReportItemControllerTests.java:79)
  5. -> at com.optum.fads.pgp.reportsection.api.controller.ReportItemControllerTests.buildUser(ReportItemControllerTests.java:81)
  6. -> at com.optum.fads.pgp.reportsection.api.controller.ReportItemControllerTests.buildUser(ReportItemControllerTests.java:72)
  7. -> at com.optum.fads.pgp.reportsection.api.controller.ReportItemControllerTests.buildUser(ReportItemControllerTests.java:75)
  8. -> at com.optum.fads.pgp.reportsection.api.controller.ReportItemControllerTests.buildUser(ReportItemControllerTests.java:76)
  9. -> at com.optum.fads.pgp.reportsection.api.controller.ReportItemControllerTests.buildUser(ReportItemControllerTests.java:79)
  10. -> at com.optum.fads.pgp.reportsection.api.controller.ReportItemControllerTests.buildUser(ReportItemControllerTests.java:81)
Please remove unnecessary stubbings or use 'lenient' strictness. More info: javadoc for UnnecessaryStubbingException class.
[ERROR]   ReportItemControllerTests.updateReportItem_exception_returns400  UnnecessaryStubbing
Unnecessary stubbings detected.
Clean & maintainable test code requires zero unnecessary code.
Following stubbings are unnecessary (click to navigate to relevant line of code):
  1. -> at com.optum.fads.pgp.reportsection.api.controller.ReportItemControllerTests.buildUser(ReportItemControllerTests.java:72)
  2. -> at com.optum.fads.pgp.reportsection.api.controller.ReportItemControllerTests.buildUser(ReportItemControllerTests.java:75)
  3. -> at com.optum.fads.pgp.reportsection.api.controller.ReportItemControllerTests.buildUser(ReportItemControllerTests.java:76)
  4. -> at com.optum.fads.pgp.reportsection.api.controller.ReportItemControllerTests.buildUser(ReportItemControllerTests.java:79)
  5. -> at com.optum.fads.pgp.reportsection.api.controller.ReportItemControllerTests.buildUser(ReportItemControllerTests.java:81)
  6. -> at com.optum.fads.pgp.reportsection.api.controller.ReportItemControllerTests.buildUser(ReportItemControllerTests.java:72)
  7. -> at com.optum.fads.pgp.reportsection.api.controller.ReportItemControllerTests.buildUser(ReportItemControllerTests.java:75)
  8. -> at com.optum.fads.pgp.reportsection.api.controller.ReportItemControllerTests.buildUser(ReportItemControllerTests.java:76)
  9. -> at com.optum.fads.pgp.reportsection.api.controller.ReportItemControllerTests.buildUser(ReportItemControllerTests.java:79)
  10. -> at com.optum.fads.pgp.reportsection.api.controller.ReportItemControllerTests.buildUser(ReportItemControllerTests.java:81)
Please remove unnecessary stubbings or use 'lenient' strictness. More info: javadoc for UnnecessaryStubbingException class.
[ERROR]   ReportItemControllerTests.updateReportItem_noAccess_forbidden  UnnecessaryStubbing
Unnecessary stubbings detected.
Clean & maintainable test code requires zero unnecessary code.
Following stubbings are unnecessary (click to navigate to relevant line of code):
  1. -> at com.optum.fads.pgp.reportsection.api.controller.ReportItemControllerTests.buildUser(ReportItemControllerTests.java:72)
  2. -> at com.optum.fads.pgp.reportsection.api.controller.ReportItemControllerTests.buildUser(ReportItemControllerTests.java:75)
  3. -> at com.optum.fads.pgp.reportsection.api.controller.ReportItemControllerTests.buildUser(ReportItemControllerTests.java:76)
  4. -> at com.optum.fads.pgp.reportsection.api.controller.ReportItemControllerTests.buildUser(ReportItemControllerTests.java:79)
  5. -> at com.optum.fads.pgp.reportsection.api.controller.ReportItemControllerTests.buildUser(ReportItemControllerTests.java:81)
  6. -> at com.optum.fads.pgp.reportsection.api.controller.ReportItemControllerTests.buildUser(ReportItemControllerTests.java:72)
  7. -> at com.optum.fads.pgp.reportsection.api.controller.ReportItemControllerTests.buildUser(ReportItemControllerTests.java:75)
  8. -> at com.optum.fads.pgp.reportsection.api.controller.ReportItemControllerTests.buildUser(ReportItemControllerTests.java:76)
  9. -> at com.optum.fads.pgp.reportsection.api.controller.ReportItemControllerTests.buildUser(ReportItemControllerTests.java:79)
  10. -> at com.optum.fads.pgp.reportsection.api.controller.ReportItemControllerTests.buildUser(ReportItemControllerTests.java:81)
Please remove unnecessary stubbings or use 'lenient' strictness. More info: javadoc for UnnecessaryStubbingException class.
[INFO]
[ERROR] Tests run: 21, Failures: 0, Errors: 21, Skipped: 0
[INFO]
[INFO] ------------------------------------------------------------------------
[INFO] BUILD FAILURE
[INFO] ------------------------------------------------------------------------
[INFO] Total time:  32.469 s
[INFO] Finished at: 2026-01-09T16:16:55+05:30
[INFO] ------------------------------------------------------------------------
[ERROR] Failed to execute goal org.apache.maven.plugins:maven-surefire-plugin:3.5.4:test (default-test) on project fads-pgp-reportsection-api:
[ERROR]
[ERROR] See C:\Users\sgupt664\BE_Projects\fads-pgp-reportsection-api\target\surefire-reports for the individual test results.
[ERROR] See dump files (if any exist) [date].dump, [date]-jvmRun[N].dump and [date].dumpstream.
[ERROR] -> [Help 1]
[ERROR]
[ERROR] To see the full stack trace of the errors, re-run Maven with the -e switch.
[ERROR] Re-run Maven using the -X switch to enable full debug logging.
[ERROR]
[ERROR] For more information about the errors and possible solutions, please read the following articles:
[ERROR] [Help 1] http://cwiki.apache.org/confluence/display/MAVEN/MojoFailureException

C:\Users\sgupt664\BE_Projects\fads-pgp-reportsection-api>
