NFO] --- compiler:3.14.1:testCompile (default-testCompile) @ fads-pgp-jobmonitor-api ---
[INFO] Recompiling the module because of changed dependency.
[INFO] Compiling 10 source files with javac [debug parameters release 17] to target\test-classes
[INFO] -------------------------------------------------------------
[ERROR] COMPILATION ERROR :
[INFO] -------------------------------------------------------------
[ERROR] /C:/Users/sgupt664/BE_Projects/fads-pgp-jobmonitor-api/src/test/java/com/optum/fads/pgp/jobs/api/config/ServiceConfigSQLTest.java:[45,54] cannot find symbol
  symbol:   method getDriverClassName()
  location: variable dmds of type org.springframework.jdbc.datasource.DriverManagerDataSource
[INFO] 1 error
[INFO] -------------------------------------------------------------
[INFO] ------------------------------------------------------------------------
[INFO] BUILD FAILURE
[INFO] ------------------------------------------------------------------------
[INFO] Total time:  15.309 s
[INFO] Finished at: 2025-12-17T09:38:10+05:30
[INFO] ------------------------------------------------------------------------
[ERROR] Failed to execute goal org.apache.maven.plugins:maven-compiler-plugin:3.14.1:testCompile (default-testCompile) on project fads-pgp-jobmonitor-api: Compilation failure
[ERROR] /C:/Users/sgupt664/BE_Projects/fads-pgp-jobmonitor-api/src/test/java/com/optum/fads/pgp/jobs/api/config/ServiceConfigSQLTest.java:[45,54] cannot find symbol
[ERROR]   symbol:   method getDriverClassName()
[ERROR]   location: variable dmds of type org.springframework.jdbc.datasource.DriverManagerDataSource
[ERROR]
[ERROR] -> [Help 1]
[ERROR]
[ERROR] To see the full stack trace of the errors, re-run Maven with the -e switch.
[ERROR] Re-run Maven using the -X switch to enable full debug logging.
[ERROR]
[ERROR] For more information about
